[0.249s] DEBUG:colcon:Command line arguments: ['/usr/bin/colcon', 'build', '--symlink-install']
[0.249s] DEBUG:colcon:Parsed command line arguments: Namespace(ament_cmake_args=None, base_paths=['.'], build_base='build', catkin_cmake_args=None, catkin_skip_building_tests=False, cmake_args=None, cmake_clean_cache=False, cmake_clean_first=False, cmake_force_configure=False, cmake_target=None, cmake_target_skip_unavailable=False, continue_on_error=False, event_handlers=None, executor='parallel', ignore_user_meta=False, install_base='install', log_base=None, log_level=None, main=<bound method BuildVerb.main of <colcon_core.verb.build.BuildVerb object at 0x7f5bb3bb5940>>, merge_install=False, metas=['./colcon.meta'], packages_above=None, packages_above_depth=None, packages_end=None, packages_ignore=None, packages_ignore_regex=None, packages_select=None, packages_select_build_failed=False, packages_select_by_dep=None, packages_select_regex=None, packages_select_test_failures=False, packages_skip=None, packages_skip_build_finished=False, packages_skip_by_dep=None, packages_skip_regex=None, packages_skip_test_passed=False, packages_skip_up_to=None, packages_start=None, packages_up_to=None, parallel_workers=8, paths=None, symlink_install=True, test_result_base=None, verb_extension=<colcon_core.verb.build.BuildVerb object at 0x7f5bb3bb5940>, verb_name='build', verb_parser=<colcon_defaults.argument_parser.defaults.DefaultArgumentsDecorator object at 0x7f5bb3bb5eb0>)
[0.333s] Level 1:colcon.colcon_core.package_discovery:discover_packages(colcon_meta) check parameters
[0.333s] Level 1:colcon.colcon_core.package_discovery:discover_packages(recursive) check parameters
[0.333s] Level 1:colcon.colcon_core.package_discovery:discover_packages(ignore) check parameters
[0.333s] Level 1:colcon.colcon_core.package_discovery:discover_packages(path) check parameters
[0.333s] Level 1:colcon.colcon_core.package_discovery:discover_packages(colcon_meta) discover
[0.333s] Level 1:colcon.colcon_core.package_discovery:discover_packages(recursive) discover
[0.333s] INFO:colcon.colcon_core.package_discovery:Crawling recursively for packages in '/home/malz/Documents/ros2_custom_msg_ws'
[0.333s] Level 1:colcon.colcon_core.package_identification:_identify(.) by extensions ['ignore', 'ignore_ament_install']
[0.334s] Level 1:colcon.colcon_core.package_identification:_identify(.) by extension 'ignore'
[0.334s] Level 1:colcon.colcon_core.package_identification:_identify(.) by extension 'ignore_ament_install'
[0.334s] Level 1:colcon.colcon_core.package_identification:_identify(.) by extensions ['colcon_pkg']
[0.334s] Level 1:colcon.colcon_core.package_identification:_identify(.) by extension 'colcon_pkg'
[0.334s] Level 1:colcon.colcon_core.package_identification:_identify(.) by extensions ['colcon_meta']
[0.334s] Level 1:colcon.colcon_core.package_identification:_identify(.) by extension 'colcon_meta'
[0.334s] Level 1:colcon.colcon_core.package_identification:_identify(.) by extensions ['ros']
[0.334s] Level 1:colcon.colcon_core.package_identification:_identify(.) by extension 'ros'
[0.348s] Level 1:colcon.colcon_core.package_identification:_identify(.) by extensions ['cmake', 'python']
[0.348s] Level 1:colcon.colcon_core.package_identification:_identify(.) by extension 'cmake'
[0.348s] Level 1:colcon.colcon_core.package_identification:_identify(.) by extension 'python'
[0.348s] Level 1:colcon.colcon_core.package_identification:_identify(.) by extensions ['python_setup_py']
[0.348s] Level 1:colcon.colcon_core.package_identification:_identify(.) by extension 'python_setup_py'
[0.348s] Level 1:colcon.colcon_core.package_identification:_identify(build) by extensions ['ignore', 'ignore_ament_install']
[0.348s] Level 1:colcon.colcon_core.package_identification:_identify(build) by extension 'ignore'
[0.348s] Level 1:colcon.colcon_core.package_identification:_identify(build) ignored
[0.349s] Level 1:colcon.colcon_core.package_identification:_identify(install) by extensions ['ignore', 'ignore_ament_install']
[0.349s] Level 1:colcon.colcon_core.package_identification:_identify(install) by extension 'ignore'
[0.349s] Level 1:colcon.colcon_core.package_identification:_identify(install) ignored
[0.349s] Level 1:colcon.colcon_core.package_identification:_identify(log) by extensions ['ignore', 'ignore_ament_install']
[0.349s] Level 1:colcon.colcon_core.package_identification:_identify(log) by extension 'ignore'
[0.349s] Level 1:colcon.colcon_core.package_identification:_identify(log) ignored
[0.349s] Level 1:colcon.colcon_core.package_identification:_identify(src) by extensions ['ignore', 'ignore_ament_install']
[0.349s] Level 1:colcon.colcon_core.package_identification:_identify(src) by extension 'ignore'
[0.349s] Level 1:colcon.colcon_core.package_identification:_identify(src) by extension 'ignore_ament_install'
[0.349s] Level 1:colcon.colcon_core.package_identification:_identify(src) by extensions ['colcon_pkg']
[0.349s] Level 1:colcon.colcon_core.package_identification:_identify(src) by extension 'colcon_pkg'
[0.349s] Level 1:colcon.colcon_core.package_identification:_identify(src) by extensions ['colcon_meta']
[0.349s] Level 1:colcon.colcon_core.package_identification:_identify(src) by extension 'colcon_meta'
[0.349s] Level 1:colcon.colcon_core.package_identification:_identify(src) by extensions ['ros']
[0.349s] Level 1:colcon.colcon_core.package_identification:_identify(src) by extension 'ros'
[0.349s] Level 1:colcon.colcon_core.package_identification:_identify(src) by extensions ['cmake', 'python']
[0.350s] Level 1:colcon.colcon_core.package_identification:_identify(src) by extension 'cmake'
[0.350s] Level 1:colcon.colcon_core.package_identification:_identify(src) by extension 'python'
[0.350s] Level 1:colcon.colcon_core.package_identification:_identify(src) by extensions ['python_setup_py']
[0.350s] Level 1:colcon.colcon_core.package_identification:_identify(src) by extension 'python_setup_py'
[0.350s] Level 1:colcon.colcon_core.package_identification:_identify(src/custom_msg_pub) by extensions ['ignore', 'ignore_ament_install']
[0.350s] Level 1:colcon.colcon_core.package_identification:_identify(src/custom_msg_pub) by extension 'ignore'
[0.350s] Level 1:colcon.colcon_core.package_identification:_identify(src/custom_msg_pub) by extension 'ignore_ament_install'
[0.350s] Level 1:colcon.colcon_core.package_identification:_identify(src/custom_msg_pub) by extensions ['colcon_pkg']
[0.350s] Level 1:colcon.colcon_core.package_identification:_identify(src/custom_msg_pub) by extension 'colcon_pkg'
[0.350s] Level 1:colcon.colcon_core.package_identification:_identify(src/custom_msg_pub) by extensions ['colcon_meta']
[0.350s] Level 1:colcon.colcon_core.package_identification:_identify(src/custom_msg_pub) by extension 'colcon_meta'
[0.350s] Level 1:colcon.colcon_core.package_identification:_identify(src/custom_msg_pub) by extensions ['ros']
[0.350s] Level 1:colcon.colcon_core.package_identification:_identify(src/custom_msg_pub) by extension 'ros'
[0.350s] Level 1:colcon.colcon_core.package_identification:_identify(src/custom_msg_pub) by extensions ['cmake', 'python']
[0.350s] Level 1:colcon.colcon_core.package_identification:_identify(src/custom_msg_pub) by extension 'cmake'
[0.350s] Level 1:colcon.colcon_core.package_identification:_identify(src/custom_msg_pub) by extension 'python'
[0.350s] Level 1:colcon.colcon_core.package_identification:_identify(src/custom_msg_pub) by extensions ['python_setup_py']
[0.350s] Level 1:colcon.colcon_core.package_identification:_identify(src/custom_msg_pub) by extension 'python_setup_py'
[0.350s] Level 1:colcon.colcon_core.package_identification:_identify(src/custom_msg_pub/msg) by extensions ['ignore', 'ignore_ament_install']
[0.351s] Level 1:colcon.colcon_core.package_identification:_identify(src/custom_msg_pub/msg) by extension 'ignore'
[0.351s] Level 1:colcon.colcon_core.package_identification:_identify(src/custom_msg_pub/msg) by extension 'ignore_ament_install'
[0.351s] Level 1:colcon.colcon_core.package_identification:_identify(src/custom_msg_pub/msg) by extensions ['colcon_pkg']
[0.351s] Level 1:colcon.colcon_core.package_identification:_identify(src/custom_msg_pub/msg) by extension 'colcon_pkg'
[0.351s] Level 1:colcon.colcon_core.package_identification:_identify(src/custom_msg_pub/msg) by extensions ['colcon_meta']
[0.351s] Level 1:colcon.colcon_core.package_identification:_identify(src/custom_msg_pub/msg) by extension 'colcon_meta'
[0.351s] Level 1:colcon.colcon_core.package_identification:_identify(src/custom_msg_pub/msg) by extensions ['ros']
[0.351s] Level 1:colcon.colcon_core.package_identification:_identify(src/custom_msg_pub/msg) by extension 'ros'
[0.351s] Level 1:colcon.colcon_core.package_identification:_identify(src/custom_msg_pub/msg) by extensions ['cmake', 'python']
[0.351s] Level 1:colcon.colcon_core.package_identification:_identify(src/custom_msg_pub/msg) by extension 'cmake'
[0.351s] Level 1:colcon.colcon_core.package_identification:_identify(src/custom_msg_pub/msg) by extension 'python'
[0.351s] Level 1:colcon.colcon_core.package_identification:_identify(src/custom_msg_pub/msg) by extensions ['python_setup_py']
[0.351s] Level 1:colcon.colcon_core.package_identification:_identify(src/custom_msg_pub/msg) by extension 'python_setup_py'
[0.351s] Level 1:colcon.colcon_core.package_identification:_identify(src/custom_msg_pub/scripts) by extensions ['ignore', 'ignore_ament_install']
[0.351s] Level 1:colcon.colcon_core.package_identification:_identify(src/custom_msg_pub/scripts) by extension 'ignore'
[0.351s] Level 1:colcon.colcon_core.package_identification:_identify(src/custom_msg_pub/scripts) by extension 'ignore_ament_install'
[0.351s] Level 1:colcon.colcon_core.package_identification:_identify(src/custom_msg_pub/scripts) by extensions ['colcon_pkg']
[0.352s] Level 1:colcon.colcon_core.package_identification:_identify(src/custom_msg_pub/scripts) by extension 'colcon_pkg'
[0.352s] Level 1:colcon.colcon_core.package_identification:_identify(src/custom_msg_pub/scripts) by extensions ['colcon_meta']
[0.352s] Level 1:colcon.colcon_core.package_identification:_identify(src/custom_msg_pub/scripts) by extension 'colcon_meta'
[0.352s] Level 1:colcon.colcon_core.package_identification:_identify(src/custom_msg_pub/scripts) by extensions ['ros']
[0.352s] Level 1:colcon.colcon_core.package_identification:_identify(src/custom_msg_pub/scripts) by extension 'ros'
[0.352s] Level 1:colcon.colcon_core.package_identification:_identify(src/custom_msg_pub/scripts) by extensions ['cmake', 'python']
[0.352s] Level 1:colcon.colcon_core.package_identification:_identify(src/custom_msg_pub/scripts) by extension 'cmake'
[0.352s] Level 1:colcon.colcon_core.package_identification:_identify(src/custom_msg_pub/scripts) by extension 'python'
[0.352s] Level 1:colcon.colcon_core.package_identification:_identify(src/custom_msg_pub/scripts) by extensions ['python_setup_py']
[0.352s] Level 1:colcon.colcon_core.package_identification:_identify(src/custom_msg_pub/scripts) by extension 'python_setup_py'
[0.352s] Level 1:colcon.colcon_core.package_identification:_identify(src/custom_msg_pub/src) by extensions ['ignore', 'ignore_ament_install']
[0.352s] Level 1:colcon.colcon_core.package_identification:_identify(src/custom_msg_pub/src) by extension 'ignore'
[0.352s] Level 1:colcon.colcon_core.package_identification:_identify(src/custom_msg_pub/src) by extension 'ignore_ament_install'
[0.352s] Level 1:colcon.colcon_core.package_identification:_identify(src/custom_msg_pub/src) by extensions ['colcon_pkg']
[0.352s] Level 1:colcon.colcon_core.package_identification:_identify(src/custom_msg_pub/src) by extension 'colcon_pkg'
[0.352s] Level 1:colcon.colcon_core.package_identification:_identify(src/custom_msg_pub/src) by extensions ['colcon_meta']
[0.352s] Level 1:colcon.colcon_core.package_identification:_identify(src/custom_msg_pub/src) by extension 'colcon_meta'
[0.352s] Level 1:colcon.colcon_core.package_identification:_identify(src/custom_msg_pub/src) by extensions ['ros']
[0.353s] Level 1:colcon.colcon_core.package_identification:_identify(src/custom_msg_pub/src) by extension 'ros'
[0.353s] Level 1:colcon.colcon_core.package_identification:_identify(src/custom_msg_pub/src) by extensions ['cmake', 'python']
[0.353s] Level 1:colcon.colcon_core.package_identification:_identify(src/custom_msg_pub/src) by extension 'cmake'
[0.353s] Level 1:colcon.colcon_core.package_identification:_identify(src/custom_msg_pub/src) by extension 'python'
[0.353s] Level 1:colcon.colcon_core.package_identification:_identify(src/custom_msg_pub/src) by extensions ['python_setup_py']
[0.353s] Level 1:colcon.colcon_core.package_identification:_identify(src/custom_msg_pub/src) by extension 'python_setup_py'
[0.353s] Level 1:colcon.colcon_core.package_identification:_identify(src/custom_msg_sub) by extensions ['ignore', 'ignore_ament_install']
[0.353s] Level 1:colcon.colcon_core.package_identification:_identify(src/custom_msg_sub) by extension 'ignore'
[0.353s] Level 1:colcon.colcon_core.package_identification:_identify(src/custom_msg_sub) by extension 'ignore_ament_install'
[0.353s] Level 1:colcon.colcon_core.package_identification:_identify(src/custom_msg_sub) by extensions ['colcon_pkg']
[0.353s] Level 1:colcon.colcon_core.package_identification:_identify(src/custom_msg_sub) by extension 'colcon_pkg'
[0.353s] Level 1:colcon.colcon_core.package_identification:_identify(src/custom_msg_sub) by extensions ['colcon_meta']
[0.353s] Level 1:colcon.colcon_core.package_identification:_identify(src/custom_msg_sub) by extension 'colcon_meta'
[0.353s] Level 1:colcon.colcon_core.package_identification:_identify(src/custom_msg_sub) by extensions ['ros']
[0.353s] Level 1:colcon.colcon_core.package_identification:_identify(src/custom_msg_sub) by extension 'ros'
[0.353s] Level 1:colcon.colcon_core.package_identification:_identify(src/custom_msg_sub) by extensions ['cmake', 'python']
[0.354s] Level 1:colcon.colcon_core.package_identification:_identify(src/custom_msg_sub) by extension 'cmake'
[0.354s] Level 1:colcon.colcon_core.package_identification:_identify(src/custom_msg_sub) by extension 'python'
[0.354s] Level 1:colcon.colcon_core.package_identification:_identify(src/custom_msg_sub) by extensions ['python_setup_py']
[0.354s] Level 1:colcon.colcon_core.package_identification:_identify(src/custom_msg_sub) by extension 'python_setup_py'
[0.354s] Level 1:colcon.colcon_core.package_identification:_identify(src/custom_msg_sub/scripts) by extensions ['ignore', 'ignore_ament_install']
[0.354s] Level 1:colcon.colcon_core.package_identification:_identify(src/custom_msg_sub/scripts) by extension 'ignore'
[0.354s] Level 1:colcon.colcon_core.package_identification:_identify(src/custom_msg_sub/scripts) by extension 'ignore_ament_install'
[0.354s] Level 1:colcon.colcon_core.package_identification:_identify(src/custom_msg_sub/scripts) by extensions ['colcon_pkg']
[0.354s] Level 1:colcon.colcon_core.package_identification:_identify(src/custom_msg_sub/scripts) by extension 'colcon_pkg'
[0.354s] Level 1:colcon.colcon_core.package_identification:_identify(src/custom_msg_sub/scripts) by extensions ['colcon_meta']
[0.354s] Level 1:colcon.colcon_core.package_identification:_identify(src/custom_msg_sub/scripts) by extension 'colcon_meta'
[0.354s] Level 1:colcon.colcon_core.package_identification:_identify(src/custom_msg_sub/scripts) by extensions ['ros']
[0.354s] Level 1:colcon.colcon_core.package_identification:_identify(src/custom_msg_sub/scripts) by extension 'ros'
[0.354s] Level 1:colcon.colcon_core.package_identification:_identify(src/custom_msg_sub/scripts) by extensions ['cmake', 'python']
[0.354s] Level 1:colcon.colcon_core.package_identification:_identify(src/custom_msg_sub/scripts) by extension 'cmake'
[0.354s] Level 1:colcon.colcon_core.package_identification:_identify(src/custom_msg_sub/scripts) by extension 'python'
[0.354s] Level 1:colcon.colcon_core.package_identification:_identify(src/custom_msg_sub/scripts) by extensions ['python_setup_py']
[0.354s] Level 1:colcon.colcon_core.package_identification:_identify(src/custom_msg_sub/scripts) by extension 'python_setup_py'
[0.355s] Level 1:colcon.colcon_core.package_identification:_identify(src/custom_msg_sub/src) by extensions ['ignore', 'ignore_ament_install']
[0.355s] Level 1:colcon.colcon_core.package_identification:_identify(src/custom_msg_sub/src) by extension 'ignore'
[0.355s] Level 1:colcon.colcon_core.package_identification:_identify(src/custom_msg_sub/src) by extension 'ignore_ament_install'
[0.355s] Level 1:colcon.colcon_core.package_identification:_identify(src/custom_msg_sub/src) by extensions ['colcon_pkg']
[0.355s] Level 1:colcon.colcon_core.package_identification:_identify(src/custom_msg_sub/src) by extension 'colcon_pkg'
[0.355s] Level 1:colcon.colcon_core.package_identification:_identify(src/custom_msg_sub/src) by extensions ['colcon_meta']
[0.355s] Level 1:colcon.colcon_core.package_identification:_identify(src/custom_msg_sub/src) by extension 'colcon_meta'
[0.355s] Level 1:colcon.colcon_core.package_identification:_identify(src/custom_msg_sub/src) by extensions ['ros']
[0.355s] Level 1:colcon.colcon_core.package_identification:_identify(src/custom_msg_sub/src) by extension 'ros'
[0.355s] Level 1:colcon.colcon_core.package_identification:_identify(src/custom_msg_sub/src) by extensions ['cmake', 'python']
[0.355s] Level 1:colcon.colcon_core.package_identification:_identify(src/custom_msg_sub/src) by extension 'cmake'
[0.355s] Level 1:colcon.colcon_core.package_identification:_identify(src/custom_msg_sub/src) by extension 'python'
[0.355s] Level 1:colcon.colcon_core.package_identification:_identify(src/custom_msg_sub/src) by extensions ['python_setup_py']
[0.355s] Level 1:colcon.colcon_core.package_identification:_identify(src/custom_msg_sub/src) by extension 'python_setup_py'
[0.355s] Level 1:colcon.colcon_core.package_identification:_identify(src/custom_msgs) by extensions ['ignore', 'ignore_ament_install']
[0.355s] Level 1:colcon.colcon_core.package_identification:_identify(src/custom_msgs) by extension 'ignore'
[0.355s] Level 1:colcon.colcon_core.package_identification:_identify(src/custom_msgs) by extension 'ignore_ament_install'
[0.356s] Level 1:colcon.colcon_core.package_identification:_identify(src/custom_msgs) by extensions ['colcon_pkg']
[0.356s] Level 1:colcon.colcon_core.package_identification:_identify(src/custom_msgs) by extension 'colcon_pkg'
[0.356s] Level 1:colcon.colcon_core.package_identification:_identify(src/custom_msgs) by extensions ['colcon_meta']
[0.356s] Level 1:colcon.colcon_core.package_identification:_identify(src/custom_msgs) by extension 'colcon_meta'
[0.356s] Level 1:colcon.colcon_core.package_identification:_identify(src/custom_msgs) by extensions ['ros']
[0.356s] Level 1:colcon.colcon_core.package_identification:_identify(src/custom_msgs) by extension 'ros'
[0.358s] DEBUG:colcon.colcon_core.package_identification:Package 'src/custom_msgs' with type 'ros.ament_cmake' and name 'custom_msgs'
[0.359s] Level 1:colcon.colcon_core.package_discovery:discover_packages(recursive) using defaults
[0.359s] Level 1:colcon.colcon_core.package_discovery:discover_packages(ignore) discover
[0.359s] Level 1:colcon.colcon_core.package_discovery:discover_packages(ignore) using defaults
[0.359s] Level 1:colcon.colcon_core.package_discovery:discover_packages(path) discover
[0.359s] Level 1:colcon.colcon_core.package_discovery:discover_packages(path) using defaults
[0.368s] Level 5:colcon.colcon_core.verb:set package 'custom_msgs' build argument 'cmake_args' from command line to 'None'
[0.368s] Level 5:colcon.colcon_core.verb:set package 'custom_msgs' build argument 'cmake_target' from command line to 'None'
[0.368s] Level 5:colcon.colcon_core.verb:set package 'custom_msgs' build argument 'cmake_target_skip_unavailable' from command line to 'False'
[0.368s] Level 5:colcon.colcon_core.verb:set package 'custom_msgs' build argument 'cmake_clean_cache' from command line to 'False'
[0.368s] Level 5:colcon.colcon_core.verb:set package 'custom_msgs' build argument 'cmake_clean_first' from command line to 'False'
[0.368s] Level 5:colcon.colcon_core.verb:set package 'custom_msgs' build argument 'cmake_force_configure' from command line to 'False'
[0.368s] Level 5:colcon.colcon_core.verb:set package 'custom_msgs' build argument 'ament_cmake_args' from command line to 'None'
[0.368s] Level 5:colcon.colcon_core.verb:set package 'custom_msgs' build argument 'catkin_cmake_args' from command line to 'None'
[0.368s] Level 5:colcon.colcon_core.verb:set package 'custom_msgs' build argument 'catkin_skip_building_tests' from command line to 'False'
[0.368s] DEBUG:colcon.colcon_core.verb:Building package 'custom_msgs' with the following arguments: {'ament_cmake_args': None, 'build_base': '/home/malz/Documents/ros2_custom_msg_ws/build/custom_msgs', 'catkin_cmake_args': None, 'catkin_skip_building_tests': False, 'cmake_args': None, 'cmake_clean_cache': False, 'cmake_clean_first': False, 'cmake_force_configure': False, 'cmake_target': None, 'cmake_target_skip_unavailable': False, 'install_base': '/home/malz/Documents/ros2_custom_msg_ws/install/custom_msgs', 'merge_install': False, 'path': '/home/malz/Documents/ros2_custom_msg_ws/src/custom_msgs', 'symlink_install': True, 'test_result_base': None}
[0.369s] INFO:colcon.colcon_core.executor:Executing jobs using 'parallel' executor
[0.372s] DEBUG:colcon.colcon_parallel_executor.executor.parallel:run_until_complete
[0.372s] INFO:colcon.colcon_ros.task.ament_cmake.build:Building ROS package in '/home/malz/Documents/ros2_custom_msg_ws/src/custom_msgs' with build type 'ament_cmake'
[0.388s] INFO:colcon.colcon_core.plugin_system:Skipping extension 'colcon_core.shell.bat': Not used on non-Windows systems
[0.388s] INFO:colcon.colcon_cmake.task.cmake.build:Building CMake package in '/home/malz/Documents/ros2_custom_msg_ws/src/custom_msgs'
[0.390s] INFO:colcon.colcon_core.shell:Skip shell extension 'powershell' for command environment: Not usable outside of PowerShell
[0.390s] DEBUG:colcon.colcon_core.shell:Skip shell extension 'dsv' for command environment
[0.438s] DEBUG:colcon.colcon_core.event_handler.log_command:Invoking command in '/home/malz/Documents/ros2_custom_msg_ws/build/custom_msgs': CMAKE_PREFIX_PATH=${CMAKE_PREFIX_PATH}:/home/malz/ros2_foxy/install/ros2bag:/home/malz/ros2_foxy/install/tracetools_launch:/home/malz/ros2_foxy/install/topic_monitor:/home/malz/ros2_foxy/install/examples_tf2_py:/home/malz/ros2_foxy/install/sros2:/home/malz/ros2_foxy/install/rqt_topic:/home/malz/ros2_foxy/install/rqt_reconfigure:/home/malz/ros2_foxy/install/rqt_action:/home/malz/ros2_foxy/install/rqt:/home/malz/ros2_foxy/install/rqt_graph:/home/malz/ros2_foxy/install/rqt_gui_py:/home/malz/ros2_foxy/install/rqt_gui:/home/malz/ros2_foxy/install/ros2trace:/home/malz/ros2_foxy/install/ros2topic:/home/malz/ros2_foxy/install/ros2test:/home/malz/ros2_foxy/install/ros2component:/home/malz/ros2_foxy/install/ros2param:/home/malz/ros2_foxy/install/ros2lifecycle:/home/malz/ros2_foxy/install/ros2service:/home/malz/ros2_foxy/install/ros2run:/home/malz/ros2_foxy/install/ros2launch:/home/malz/ros2_foxy/install/ros2pkg:/home/malz/ros2_foxy/install/ros2node:/home/malz/ros2_foxy/install/ros2multicast:/home/malz/ros2_foxy/install/ros2interface:/home/malz/ros2_foxy/install/ros2doctor:/home/malz/ros2_foxy/install/ros2action:/home/malz/ros2_foxy/install/ros2cli:/home/malz/ros2_foxy/install/quality_of_service_demo_py:/home/malz/ros2_foxy/install/launch_testing_ros:/home/malz/ros2_foxy/install/launch_ros:/home/malz/ros2_foxy/install/examples_rclpy_minimal_subscriber:/home/malz/ros2_foxy/install/examples_rclpy_minimal_service:/home/malz/ros2_foxy/install/examples_rclpy_minimal_publisher:/home/malz/ros2_foxy/install/examples_rclpy_minimal_client:/home/malz/ros2_foxy/install/examples_rclpy_minimal_action_server:/home/malz/ros2_foxy/install/examples_rclpy_minimal_action_client:/home/malz/ros2_foxy/install/examples_rclpy_executors:/home/malz/ros2_foxy/install/demo_nodes_py:/home/malz/ros2_foxy/install/action_tutorials_py:/home/malz/ros2_foxy/install/ament_uncrustify:/home/malz/ros2_foxy/install/tracetools_trace:/home/malz/ros2_foxy/install/tracetools_read:/home/malz/ros2_foxy/install/test_launch_ros:/home/malz/ros2_foxy/install/rpyutils:/home/malz/ros2_foxy/install/rosidl_runtime_py:/home/malz/ros2_foxy/install/launch_yaml:/home/malz/ros2_foxy/install/launch_xml:/home/malz/ros2_foxy/install/launch_testing:/home/malz/ros2_foxy/install/launch:/home/malz/ros2_foxy/install/osrf_pycommon:/home/malz/ros2_foxy/install/domain_coordinator:/home/malz/ros2_foxy/install/ament_xmllint:/home/malz/ros2_foxy/install/ament_pyflakes:/home/malz/ros2_foxy/install/ament_pycodestyle:/home/malz/ros2_foxy/install/ament_pep257:/home/malz/ros2_foxy/install/ament_pclint:/home/malz/ros2_foxy/install/ament_package:/home/malz/ros2_foxy/install/ament_mypy:/home/malz/ros2_foxy/install/ament_lint_cmake:/home/malz/ros2_foxy/install/ament_flake8:/home/malz/ros2_foxy/install/ament_copyright:/home/malz/ros2_foxy/install/ament_lint:/home/malz/ros2_foxy/install/ament_index_python:/home/malz/ros2_foxy/install/ament_cpplint:/home/malz/ros2_foxy/install/ament_cppcheck:/home/malz/ros2_foxy/install/ament_clang_tidy:/home/malz/ros2_foxy/install/ament_clang_format /usr/bin/cmake /home/malz/Documents/ros2_custom_msg_ws/src/custom_msgs -DAMENT_CMAKE_SYMLINK_INSTALL=1 -DCMAKE_INSTALL_PREFIX=/home/malz/Documents/ros2_custom_msg_ws/install/custom_msgs
[7.668s] DEBUG:colcon.colcon_core.event_handler.log_command:Invoked command in '/home/malz/Documents/ros2_custom_msg_ws/build/custom_msgs' returned '0': CMAKE_PREFIX_PATH=${CMAKE_PREFIX_PATH}:/home/malz/ros2_foxy/install/ros2bag:/home/malz/ros2_foxy/install/tracetools_launch:/home/malz/ros2_foxy/install/topic_monitor:/home/malz/ros2_foxy/install/examples_tf2_py:/home/malz/ros2_foxy/install/sros2:/home/malz/ros2_foxy/install/rqt_topic:/home/malz/ros2_foxy/install/rqt_reconfigure:/home/malz/ros2_foxy/install/rqt_action:/home/malz/ros2_foxy/install/rqt:/home/malz/ros2_foxy/install/rqt_graph:/home/malz/ros2_foxy/install/rqt_gui_py:/home/malz/ros2_foxy/install/rqt_gui:/home/malz/ros2_foxy/install/ros2trace:/home/malz/ros2_foxy/install/ros2topic:/home/malz/ros2_foxy/install/ros2test:/home/malz/ros2_foxy/install/ros2component:/home/malz/ros2_foxy/install/ros2param:/home/malz/ros2_foxy/install/ros2lifecycle:/home/malz/ros2_foxy/install/ros2service:/home/malz/ros2_foxy/install/ros2run:/home/malz/ros2_foxy/install/ros2launch:/home/malz/ros2_foxy/install/ros2pkg:/home/malz/ros2_foxy/install/ros2node:/home/malz/ros2_foxy/install/ros2multicast:/home/malz/ros2_foxy/install/ros2interface:/home/malz/ros2_foxy/install/ros2doctor:/home/malz/ros2_foxy/install/ros2action:/home/malz/ros2_foxy/install/ros2cli:/home/malz/ros2_foxy/install/quality_of_service_demo_py:/home/malz/ros2_foxy/install/launch_testing_ros:/home/malz/ros2_foxy/install/launch_ros:/home/malz/ros2_foxy/install/examples_rclpy_minimal_subscriber:/home/malz/ros2_foxy/install/examples_rclpy_minimal_service:/home/malz/ros2_foxy/install/examples_rclpy_minimal_publisher:/home/malz/ros2_foxy/install/examples_rclpy_minimal_client:/home/malz/ros2_foxy/install/examples_rclpy_minimal_action_server:/home/malz/ros2_foxy/install/examples_rclpy_minimal_action_client:/home/malz/ros2_foxy/install/examples_rclpy_executors:/home/malz/ros2_foxy/install/demo_nodes_py:/home/malz/ros2_foxy/install/action_tutorials_py:/home/malz/ros2_foxy/install/ament_uncrustify:/home/malz/ros2_foxy/install/tracetools_trace:/home/malz/ros2_foxy/install/tracetools_read:/home/malz/ros2_foxy/install/test_launch_ros:/home/malz/ros2_foxy/install/rpyutils:/home/malz/ros2_foxy/install/rosidl_runtime_py:/home/malz/ros2_foxy/install/launch_yaml:/home/malz/ros2_foxy/install/launch_xml:/home/malz/ros2_foxy/install/launch_testing:/home/malz/ros2_foxy/install/launch:/home/malz/ros2_foxy/install/osrf_pycommon:/home/malz/ros2_foxy/install/domain_coordinator:/home/malz/ros2_foxy/install/ament_xmllint:/home/malz/ros2_foxy/install/ament_pyflakes:/home/malz/ros2_foxy/install/ament_pycodestyle:/home/malz/ros2_foxy/install/ament_pep257:/home/malz/ros2_foxy/install/ament_pclint:/home/malz/ros2_foxy/install/ament_package:/home/malz/ros2_foxy/install/ament_mypy:/home/malz/ros2_foxy/install/ament_lint_cmake:/home/malz/ros2_foxy/install/ament_flake8:/home/malz/ros2_foxy/install/ament_copyright:/home/malz/ros2_foxy/install/ament_lint:/home/malz/ros2_foxy/install/ament_index_python:/home/malz/ros2_foxy/install/ament_cpplint:/home/malz/ros2_foxy/install/ament_cppcheck:/home/malz/ros2_foxy/install/ament_clang_tidy:/home/malz/ros2_foxy/install/ament_clang_format /usr/bin/cmake /home/malz/Documents/ros2_custom_msg_ws/src/custom_msgs -DAMENT_CMAKE_SYMLINK_INSTALL=1 -DCMAKE_INSTALL_PREFIX=/home/malz/Documents/ros2_custom_msg_ws/install/custom_msgs
[7.681s] DEBUG:colcon.colcon_core.event_handler.log_command:Invoking command in '/home/malz/Documents/ros2_custom_msg_ws/build/custom_msgs': CMAKE_PREFIX_PATH=${CMAKE_PREFIX_PATH}:/home/malz/ros2_foxy/install/ros2bag:/home/malz/ros2_foxy/install/tracetools_launch:/home/malz/ros2_foxy/install/topic_monitor:/home/malz/ros2_foxy/install/examples_tf2_py:/home/malz/ros2_foxy/install/sros2:/home/malz/ros2_foxy/install/rqt_topic:/home/malz/ros2_foxy/install/rqt_reconfigure:/home/malz/ros2_foxy/install/rqt_action:/home/malz/ros2_foxy/install/rqt:/home/malz/ros2_foxy/install/rqt_graph:/home/malz/ros2_foxy/install/rqt_gui_py:/home/malz/ros2_foxy/install/rqt_gui:/home/malz/ros2_foxy/install/ros2trace:/home/malz/ros2_foxy/install/ros2topic:/home/malz/ros2_foxy/install/ros2test:/home/malz/ros2_foxy/install/ros2component:/home/malz/ros2_foxy/install/ros2param:/home/malz/ros2_foxy/install/ros2lifecycle:/home/malz/ros2_foxy/install/ros2service:/home/malz/ros2_foxy/install/ros2run:/home/malz/ros2_foxy/install/ros2launch:/home/malz/ros2_foxy/install/ros2pkg:/home/malz/ros2_foxy/install/ros2node:/home/malz/ros2_foxy/install/ros2multicast:/home/malz/ros2_foxy/install/ros2interface:/home/malz/ros2_foxy/install/ros2doctor:/home/malz/ros2_foxy/install/ros2action:/home/malz/ros2_foxy/install/ros2cli:/home/malz/ros2_foxy/install/quality_of_service_demo_py:/home/malz/ros2_foxy/install/launch_testing_ros:/home/malz/ros2_foxy/install/launch_ros:/home/malz/ros2_foxy/install/examples_rclpy_minimal_subscriber:/home/malz/ros2_foxy/install/examples_rclpy_minimal_service:/home/malz/ros2_foxy/install/examples_rclpy_minimal_publisher:/home/malz/ros2_foxy/install/examples_rclpy_minimal_client:/home/malz/ros2_foxy/install/examples_rclpy_minimal_action_server:/home/malz/ros2_foxy/install/examples_rclpy_minimal_action_client:/home/malz/ros2_foxy/install/examples_rclpy_executors:/home/malz/ros2_foxy/install/demo_nodes_py:/home/malz/ros2_foxy/install/action_tutorials_py:/home/malz/ros2_foxy/install/ament_uncrustify:/home/malz/ros2_foxy/install/tracetools_trace:/home/malz/ros2_foxy/install/tracetools_read:/home/malz/ros2_foxy/install/test_launch_ros:/home/malz/ros2_foxy/install/rpyutils:/home/malz/ros2_foxy/install/rosidl_runtime_py:/home/malz/ros2_foxy/install/launch_yaml:/home/malz/ros2_foxy/install/launch_xml:/home/malz/ros2_foxy/install/launch_testing:/home/malz/ros2_foxy/install/launch:/home/malz/ros2_foxy/install/osrf_pycommon:/home/malz/ros2_foxy/install/domain_coordinator:/home/malz/ros2_foxy/install/ament_xmllint:/home/malz/ros2_foxy/install/ament_pyflakes:/home/malz/ros2_foxy/install/ament_pycodestyle:/home/malz/ros2_foxy/install/ament_pep257:/home/malz/ros2_foxy/install/ament_pclint:/home/malz/ros2_foxy/install/ament_package:/home/malz/ros2_foxy/install/ament_mypy:/home/malz/ros2_foxy/install/ament_lint_cmake:/home/malz/ros2_foxy/install/ament_flake8:/home/malz/ros2_foxy/install/ament_copyright:/home/malz/ros2_foxy/install/ament_lint:/home/malz/ros2_foxy/install/ament_index_python:/home/malz/ros2_foxy/install/ament_cpplint:/home/malz/ros2_foxy/install/ament_cppcheck:/home/malz/ros2_foxy/install/ament_clang_tidy:/home/malz/ros2_foxy/install/ament_clang_format /usr/bin/cmake --build /home/malz/Documents/ros2_custom_msg_ws/build/custom_msgs -- -j8 -l8
[13.928s] DEBUG:colcon.colcon_core.event_handler.log_command:Invoked command in '/home/malz/Documents/ros2_custom_msg_ws/build/custom_msgs' returned '0': CMAKE_PREFIX_PATH=${CMAKE_PREFIX_PATH}:/home/malz/ros2_foxy/install/ros2bag:/home/malz/ros2_foxy/install/tracetools_launch:/home/malz/ros2_foxy/install/topic_monitor:/home/malz/ros2_foxy/install/examples_tf2_py:/home/malz/ros2_foxy/install/sros2:/home/malz/ros2_foxy/install/rqt_topic:/home/malz/ros2_foxy/install/rqt_reconfigure:/home/malz/ros2_foxy/install/rqt_action:/home/malz/ros2_foxy/install/rqt:/home/malz/ros2_foxy/install/rqt_graph:/home/malz/ros2_foxy/install/rqt_gui_py:/home/malz/ros2_foxy/install/rqt_gui:/home/malz/ros2_foxy/install/ros2trace:/home/malz/ros2_foxy/install/ros2topic:/home/malz/ros2_foxy/install/ros2test:/home/malz/ros2_foxy/install/ros2component:/home/malz/ros2_foxy/install/ros2param:/home/malz/ros2_foxy/install/ros2lifecycle:/home/malz/ros2_foxy/install/ros2service:/home/malz/ros2_foxy/install/ros2run:/home/malz/ros2_foxy/install/ros2launch:/home/malz/ros2_foxy/install/ros2pkg:/home/malz/ros2_foxy/install/ros2node:/home/malz/ros2_foxy/install/ros2multicast:/home/malz/ros2_foxy/install/ros2interface:/home/malz/ros2_foxy/install/ros2doctor:/home/malz/ros2_foxy/install/ros2action:/home/malz/ros2_foxy/install/ros2cli:/home/malz/ros2_foxy/install/quality_of_service_demo_py:/home/malz/ros2_foxy/install/launch_testing_ros:/home/malz/ros2_foxy/install/launch_ros:/home/malz/ros2_foxy/install/examples_rclpy_minimal_subscriber:/home/malz/ros2_foxy/install/examples_rclpy_minimal_service:/home/malz/ros2_foxy/install/examples_rclpy_minimal_publisher:/home/malz/ros2_foxy/install/examples_rclpy_minimal_client:/home/malz/ros2_foxy/install/examples_rclpy_minimal_action_server:/home/malz/ros2_foxy/install/examples_rclpy_minimal_action_client:/home/malz/ros2_foxy/install/examples_rclpy_executors:/home/malz/ros2_foxy/install/demo_nodes_py:/home/malz/ros2_foxy/install/action_tutorials_py:/home/malz/ros2_foxy/install/ament_uncrustify:/home/malz/ros2_foxy/install/tracetools_trace:/home/malz/ros2_foxy/install/tracetools_read:/home/malz/ros2_foxy/install/test_launch_ros:/home/malz/ros2_foxy/install/rpyutils:/home/malz/ros2_foxy/install/rosidl_runtime_py:/home/malz/ros2_foxy/install/launch_yaml:/home/malz/ros2_foxy/install/launch_xml:/home/malz/ros2_foxy/install/launch_testing:/home/malz/ros2_foxy/install/launch:/home/malz/ros2_foxy/install/osrf_pycommon:/home/malz/ros2_foxy/install/domain_coordinator:/home/malz/ros2_foxy/install/ament_xmllint:/home/malz/ros2_foxy/install/ament_pyflakes:/home/malz/ros2_foxy/install/ament_pycodestyle:/home/malz/ros2_foxy/install/ament_pep257:/home/malz/ros2_foxy/install/ament_pclint:/home/malz/ros2_foxy/install/ament_package:/home/malz/ros2_foxy/install/ament_mypy:/home/malz/ros2_foxy/install/ament_lint_cmake:/home/malz/ros2_foxy/install/ament_flake8:/home/malz/ros2_foxy/install/ament_copyright:/home/malz/ros2_foxy/install/ament_lint:/home/malz/ros2_foxy/install/ament_index_python:/home/malz/ros2_foxy/install/ament_cpplint:/home/malz/ros2_foxy/install/ament_cppcheck:/home/malz/ros2_foxy/install/ament_clang_tidy:/home/malz/ros2_foxy/install/ament_clang_format /usr/bin/cmake --build /home/malz/Documents/ros2_custom_msg_ws/build/custom_msgs -- -j8 -l8
[14.149s] DEBUG:colcon.colcon_core.event_handler.log_command:Invoking command in '/home/malz/Documents/ros2_custom_msg_ws/build/custom_msgs': CMAKE_PREFIX_PATH=${CMAKE_PREFIX_PATH}:/home/malz/ros2_foxy/install/ros2bag:/home/malz/ros2_foxy/install/tracetools_launch:/home/malz/ros2_foxy/install/topic_monitor:/home/malz/ros2_foxy/install/examples_tf2_py:/home/malz/ros2_foxy/install/sros2:/home/malz/ros2_foxy/install/rqt_topic:/home/malz/ros2_foxy/install/rqt_reconfigure:/home/malz/ros2_foxy/install/rqt_action:/home/malz/ros2_foxy/install/rqt:/home/malz/ros2_foxy/install/rqt_graph:/home/malz/ros2_foxy/install/rqt_gui_py:/home/malz/ros2_foxy/install/rqt_gui:/home/malz/ros2_foxy/install/ros2trace:/home/malz/ros2_foxy/install/ros2topic:/home/malz/ros2_foxy/install/ros2test:/home/malz/ros2_foxy/install/ros2component:/home/malz/ros2_foxy/install/ros2param:/home/malz/ros2_foxy/install/ros2lifecycle:/home/malz/ros2_foxy/install/ros2service:/home/malz/ros2_foxy/install/ros2run:/home/malz/ros2_foxy/install/ros2launch:/home/malz/ros2_foxy/install/ros2pkg:/home/malz/ros2_foxy/install/ros2node:/home/malz/ros2_foxy/install/ros2multicast:/home/malz/ros2_foxy/install/ros2interface:/home/malz/ros2_foxy/install/ros2doctor:/home/malz/ros2_foxy/install/ros2action:/home/malz/ros2_foxy/install/ros2cli:/home/malz/ros2_foxy/install/quality_of_service_demo_py:/home/malz/ros2_foxy/install/launch_testing_ros:/home/malz/ros2_foxy/install/launch_ros:/home/malz/ros2_foxy/install/examples_rclpy_minimal_subscriber:/home/malz/ros2_foxy/install/examples_rclpy_minimal_service:/home/malz/ros2_foxy/install/examples_rclpy_minimal_publisher:/home/malz/ros2_foxy/install/examples_rclpy_minimal_client:/home/malz/ros2_foxy/install/examples_rclpy_minimal_action_server:/home/malz/ros2_foxy/install/examples_rclpy_minimal_action_client:/home/malz/ros2_foxy/install/examples_rclpy_executors:/home/malz/ros2_foxy/install/demo_nodes_py:/home/malz/ros2_foxy/install/action_tutorials_py:/home/malz/ros2_foxy/install/ament_uncrustify:/home/malz/ros2_foxy/install/tracetools_trace:/home/malz/ros2_foxy/install/tracetools_read:/home/malz/ros2_foxy/install/test_launch_ros:/home/malz/ros2_foxy/install/rpyutils:/home/malz/ros2_foxy/install/rosidl_runtime_py:/home/malz/ros2_foxy/install/launch_yaml:/home/malz/ros2_foxy/install/launch_xml:/home/malz/ros2_foxy/install/launch_testing:/home/malz/ros2_foxy/install/launch:/home/malz/ros2_foxy/install/osrf_pycommon:/home/malz/ros2_foxy/install/domain_coordinator:/home/malz/ros2_foxy/install/ament_xmllint:/home/malz/ros2_foxy/install/ament_pyflakes:/home/malz/ros2_foxy/install/ament_pycodestyle:/home/malz/ros2_foxy/install/ament_pep257:/home/malz/ros2_foxy/install/ament_pclint:/home/malz/ros2_foxy/install/ament_package:/home/malz/ros2_foxy/install/ament_mypy:/home/malz/ros2_foxy/install/ament_lint_cmake:/home/malz/ros2_foxy/install/ament_flake8:/home/malz/ros2_foxy/install/ament_copyright:/home/malz/ros2_foxy/install/ament_lint:/home/malz/ros2_foxy/install/ament_index_python:/home/malz/ros2_foxy/install/ament_cpplint:/home/malz/ros2_foxy/install/ament_cppcheck:/home/malz/ros2_foxy/install/ament_clang_tidy:/home/malz/ros2_foxy/install/ament_clang_format /usr/bin/cmake --install /home/malz/Documents/ros2_custom_msg_ws/build/custom_msgs
[15.950s] Level 1:colcon.colcon_core.environment:create_environment_scripts_only(custom_msgs)
[15.953s] DEBUG:colcon.colcon_core.event_handler.log_command:Invoked command in '/home/malz/Documents/ros2_custom_msg_ws/build/custom_msgs' returned '0': CMAKE_PREFIX_PATH=${CMAKE_PREFIX_PATH}:/home/malz/ros2_foxy/install/ros2bag:/home/malz/ros2_foxy/install/tracetools_launch:/home/malz/ros2_foxy/install/topic_monitor:/home/malz/ros2_foxy/install/examples_tf2_py:/home/malz/ros2_foxy/install/sros2:/home/malz/ros2_foxy/install/rqt_topic:/home/malz/ros2_foxy/install/rqt_reconfigure:/home/malz/ros2_foxy/install/rqt_action:/home/malz/ros2_foxy/install/rqt:/home/malz/ros2_foxy/install/rqt_graph:/home/malz/ros2_foxy/install/rqt_gui_py:/home/malz/ros2_foxy/install/rqt_gui:/home/malz/ros2_foxy/install/ros2trace:/home/malz/ros2_foxy/install/ros2topic:/home/malz/ros2_foxy/install/ros2test:/home/malz/ros2_foxy/install/ros2component:/home/malz/ros2_foxy/install/ros2param:/home/malz/ros2_foxy/install/ros2lifecycle:/home/malz/ros2_foxy/install/ros2service:/home/malz/ros2_foxy/install/ros2run:/home/malz/ros2_foxy/install/ros2launch:/home/malz/ros2_foxy/install/ros2pkg:/home/malz/ros2_foxy/install/ros2node:/home/malz/ros2_foxy/install/ros2multicast:/home/malz/ros2_foxy/install/ros2interface:/home/malz/ros2_foxy/install/ros2doctor:/home/malz/ros2_foxy/install/ros2action:/home/malz/ros2_foxy/install/ros2cli:/home/malz/ros2_foxy/install/quality_of_service_demo_py:/home/malz/ros2_foxy/install/launch_testing_ros:/home/malz/ros2_foxy/install/launch_ros:/home/malz/ros2_foxy/install/examples_rclpy_minimal_subscriber:/home/malz/ros2_foxy/install/examples_rclpy_minimal_service:/home/malz/ros2_foxy/install/examples_rclpy_minimal_publisher:/home/malz/ros2_foxy/install/examples_rclpy_minimal_client:/home/malz/ros2_foxy/install/examples_rclpy_minimal_action_server:/home/malz/ros2_foxy/install/examples_rclpy_minimal_action_client:/home/malz/ros2_foxy/install/examples_rclpy_executors:/home/malz/ros2_foxy/install/demo_nodes_py:/home/malz/ros2_foxy/install/action_tutorials_py:/home/malz/ros2_foxy/install/ament_uncrustify:/home/malz/ros2_foxy/install/tracetools_trace:/home/malz/ros2_foxy/install/tracetools_read:/home/malz/ros2_foxy/install/test_launch_ros:/home/malz/ros2_foxy/install/rpyutils:/home/malz/ros2_foxy/install/rosidl_runtime_py:/home/malz/ros2_foxy/install/launch_yaml:/home/malz/ros2_foxy/install/launch_xml:/home/malz/ros2_foxy/install/launch_testing:/home/malz/ros2_foxy/install/launch:/home/malz/ros2_foxy/install/osrf_pycommon:/home/malz/ros2_foxy/install/domain_coordinator:/home/malz/ros2_foxy/install/ament_xmllint:/home/malz/ros2_foxy/install/ament_pyflakes:/home/malz/ros2_foxy/install/ament_pycodestyle:/home/malz/ros2_foxy/install/ament_pep257:/home/malz/ros2_foxy/install/ament_pclint:/home/malz/ros2_foxy/install/ament_package:/home/malz/ros2_foxy/install/ament_mypy:/home/malz/ros2_foxy/install/ament_lint_cmake:/home/malz/ros2_foxy/install/ament_flake8:/home/malz/ros2_foxy/install/ament_copyright:/home/malz/ros2_foxy/install/ament_lint:/home/malz/ros2_foxy/install/ament_index_python:/home/malz/ros2_foxy/install/ament_cpplint:/home/malz/ros2_foxy/install/ament_cppcheck:/home/malz/ros2_foxy/install/ament_clang_tidy:/home/malz/ros2_foxy/install/ament_clang_format /usr/bin/cmake --install /home/malz/Documents/ros2_custom_msg_ws/build/custom_msgs
[15.961s] Level 1:colcon.colcon_core.environment:checking '/home/malz/Documents/ros2_custom_msg_ws/install/custom_msgs' for CMake module files
[15.962s] Level 1:colcon.colcon_core.environment:checking '/home/malz/Documents/ros2_custom_msg_ws/install/custom_msgs' for CMake config files
[15.963s] Level 1:colcon.colcon_core.shell:create_environment_hook('custom_msgs', 'cmake_prefix_path')
[15.963s] INFO:colcon.colcon_core.shell:Creating environment hook '/home/malz/Documents/ros2_custom_msg_ws/install/custom_msgs/share/custom_msgs/hook/cmake_prefix_path.ps1'
[15.964s] INFO:colcon.colcon_core.shell:Creating environment descriptor '/home/malz/Documents/ros2_custom_msg_ws/install/custom_msgs/share/custom_msgs/hook/cmake_prefix_path.dsv'
[15.965s] INFO:colcon.colcon_core.shell:Creating environment hook '/home/malz/Documents/ros2_custom_msg_ws/install/custom_msgs/share/custom_msgs/hook/cmake_prefix_path.sh'
[15.966s] Level 1:colcon.colcon_core.environment:checking '/home/malz/Documents/ros2_custom_msg_ws/install/custom_msgs/lib'
[15.966s] Level 1:colcon.colcon_core.shell:create_environment_hook('custom_msgs', 'ld_library_path_lib')
[15.966s] INFO:colcon.colcon_core.shell:Creating environment hook '/home/malz/Documents/ros2_custom_msg_ws/install/custom_msgs/share/custom_msgs/hook/ld_library_path_lib.ps1'
[15.967s] INFO:colcon.colcon_core.shell:Creating environment descriptor '/home/malz/Documents/ros2_custom_msg_ws/install/custom_msgs/share/custom_msgs/hook/ld_library_path_lib.dsv'
[15.967s] INFO:colcon.colcon_core.shell:Creating environment hook '/home/malz/Documents/ros2_custom_msg_ws/install/custom_msgs/share/custom_msgs/hook/ld_library_path_lib.sh'
[15.967s] Level 1:colcon.colcon_core.environment:checking '/home/malz/Documents/ros2_custom_msg_ws/install/custom_msgs/bin'
[15.968s] Level 1:colcon.colcon_core.environment:checking '/home/malz/Documents/ros2_custom_msg_ws/install/custom_msgs/lib/pkgconfig/custom_msgs.pc'
[15.968s] Level 1:colcon.colcon_core.environment:checking '/home/malz/Documents/ros2_custom_msg_ws/install/custom_msgs/lib/python3.8/site-packages'
[15.968s] Level 1:colcon.colcon_core.shell:create_environment_hook('custom_msgs', 'pythonpath')
[15.968s] INFO:colcon.colcon_core.shell:Creating environment hook '/home/malz/Documents/ros2_custom_msg_ws/install/custom_msgs/share/custom_msgs/hook/pythonpath.ps1'
[15.969s] INFO:colcon.colcon_core.shell:Creating environment descriptor '/home/malz/Documents/ros2_custom_msg_ws/install/custom_msgs/share/custom_msgs/hook/pythonpath.dsv'
[15.969s] INFO:colcon.colcon_core.shell:Creating environment hook '/home/malz/Documents/ros2_custom_msg_ws/install/custom_msgs/share/custom_msgs/hook/pythonpath.sh'
[15.971s] INFO:colcon.colcon_core.shell:Creating package script '/home/malz/Documents/ros2_custom_msg_ws/install/custom_msgs/share/custom_msgs/package.ps1'
[15.972s] INFO:colcon.colcon_core.shell:Creating package descriptor '/home/malz/Documents/ros2_custom_msg_ws/install/custom_msgs/share/custom_msgs/package.dsv'
[15.974s] INFO:colcon.colcon_core.shell:Creating package script '/home/malz/Documents/ros2_custom_msg_ws/install/custom_msgs/share/custom_msgs/package.sh'
[15.975s] INFO:colcon.colcon_core.shell:Creating package script '/home/malz/Documents/ros2_custom_msg_ws/install/custom_msgs/share/custom_msgs/package.bash'
[15.976s] INFO:colcon.colcon_core.shell:Creating package script '/home/malz/Documents/ros2_custom_msg_ws/install/custom_msgs/share/custom_msgs/package.zsh'
[15.979s] Level 1:colcon.colcon_core.environment:create_file_with_runtime_dependencies(/home/malz/Documents/ros2_custom_msg_ws/install/custom_msgs/share/colcon-core/packages/custom_msgs)
[15.979s] DEBUG:colcon.colcon_parallel_executor.executor.parallel:closing loop
[15.979s] DEBUG:colcon.colcon_parallel_executor.executor.parallel:loop closed
[15.979s] DEBUG:colcon.colcon_parallel_executor.executor.parallel:run_until_complete finished with '0'
[15.979s] DEBUG:colcon.colcon_core.event_reactor:joining thread
[15.995s] INFO:colcon.colcon_core.plugin_system:Skipping extension 'colcon_notification.desktop_notification.terminal_notifier': Not used on non-Darwin systems
[15.995s] INFO:colcon.colcon_core.plugin_system:Skipping extension 'colcon_notification.desktop_notification.win32': Not used on non-Windows systems
[15.995s] INFO:colcon.colcon_notification.desktop_notification:Sending desktop notification using 'notify2'
[16.000s] DEBUG:colcon.colcon_core.event_reactor:joined thread
[16.001s] INFO:colcon.colcon_core.shell:Creating prefix script '/home/malz/Documents/ros2_custom_msg_ws/install/local_setup.ps1'
[16.003s] INFO:colcon.colcon_core.shell:Creating prefix util module '/home/malz/Documents/ros2_custom_msg_ws/install/_local_setup_util_ps1.py'
[16.005s] INFO:colcon.colcon_core.shell:Creating prefix chain script '/home/malz/Documents/ros2_custom_msg_ws/install/setup.ps1'
[16.023s] INFO:colcon.colcon_core.shell:Creating prefix script '/home/malz/Documents/ros2_custom_msg_ws/install/local_setup.sh'
[16.024s] INFO:colcon.colcon_core.shell:Creating prefix util module '/home/malz/Documents/ros2_custom_msg_ws/install/_local_setup_util_sh.py'
[16.025s] INFO:colcon.colcon_core.shell:Creating prefix chain script '/home/malz/Documents/ros2_custom_msg_ws/install/setup.sh'
[16.042s] INFO:colcon.colcon_core.shell:Creating prefix script '/home/malz/Documents/ros2_custom_msg_ws/install/local_setup.bash'
[16.043s] INFO:colcon.colcon_core.shell:Creating prefix chain script '/home/malz/Documents/ros2_custom_msg_ws/install/setup.bash'
[16.061s] INFO:colcon.colcon_core.shell:Creating prefix script '/home/malz/Documents/ros2_custom_msg_ws/install/local_setup.zsh'
[16.061s] INFO:colcon.colcon_core.shell:Creating prefix chain script '/home/malz/Documents/ros2_custom_msg_ws/install/setup.zsh'
