[0.065s] Invoking command in '/home/malz/Documents/ros2_custom_msg_ws/build/custom_msgs': CMAKE_PREFIX_PATH=${CMAKE_PREFIX_PATH}:/home/malz/ros2_foxy/install/ros2bag:/home/malz/ros2_foxy/install/tracetools_launch:/home/malz/ros2_foxy/install/topic_monitor:/home/malz/ros2_foxy/install/examples_tf2_py:/home/malz/ros2_foxy/install/sros2:/home/malz/ros2_foxy/install/rqt_topic:/home/malz/ros2_foxy/install/rqt_reconfigure:/home/malz/ros2_foxy/install/rqt_action:/home/malz/ros2_foxy/install/rqt:/home/malz/ros2_foxy/install/rqt_graph:/home/malz/ros2_foxy/install/rqt_gui_py:/home/malz/ros2_foxy/install/rqt_gui:/home/malz/ros2_foxy/install/ros2trace:/home/malz/ros2_foxy/install/ros2topic:/home/malz/ros2_foxy/install/ros2test:/home/malz/ros2_foxy/install/ros2component:/home/malz/ros2_foxy/install/ros2param:/home/malz/ros2_foxy/install/ros2lifecycle:/home/malz/ros2_foxy/install/ros2service:/home/malz/ros2_foxy/install/ros2run:/home/malz/ros2_foxy/install/ros2launch:/home/malz/ros2_foxy/install/ros2pkg:/home/malz/ros2_foxy/install/ros2node:/home/malz/ros2_foxy/install/ros2multicast:/home/malz/ros2_foxy/install/ros2interface:/home/malz/ros2_foxy/install/ros2doctor:/home/malz/ros2_foxy/install/ros2action:/home/malz/ros2_foxy/install/ros2cli:/home/malz/ros2_foxy/install/quality_of_service_demo_py:/home/malz/ros2_foxy/install/launch_testing_ros:/home/malz/ros2_foxy/install/launch_ros:/home/malz/ros2_foxy/install/examples_rclpy_minimal_subscriber:/home/malz/ros2_foxy/install/examples_rclpy_minimal_service:/home/malz/ros2_foxy/install/examples_rclpy_minimal_publisher:/home/malz/ros2_foxy/install/examples_rclpy_minimal_client:/home/malz/ros2_foxy/install/examples_rclpy_minimal_action_server:/home/malz/ros2_foxy/install/examples_rclpy_minimal_action_client:/home/malz/ros2_foxy/install/examples_rclpy_executors:/home/malz/ros2_foxy/install/demo_nodes_py:/home/malz/ros2_foxy/install/action_tutorials_py:/home/malz/ros2_foxy/install/ament_uncrustify:/home/malz/ros2_foxy/install/tracetools_trace:/home/malz/ros2_foxy/install/tracetools_read:/home/malz/ros2_foxy/install/test_launch_ros:/home/malz/ros2_foxy/install/rpyutils:/home/malz/ros2_foxy/install/rosidl_runtime_py:/home/malz/ros2_foxy/install/launch_yaml:/home/malz/ros2_foxy/install/launch_xml:/home/malz/ros2_foxy/install/launch_testing:/home/malz/ros2_foxy/install/launch:/home/malz/ros2_foxy/install/osrf_pycommon:/home/malz/ros2_foxy/install/domain_coordinator:/home/malz/ros2_foxy/install/ament_xmllint:/home/malz/ros2_foxy/install/ament_pyflakes:/home/malz/ros2_foxy/install/ament_pycodestyle:/home/malz/ros2_foxy/install/ament_pep257:/home/malz/ros2_foxy/install/ament_pclint:/home/malz/ros2_foxy/install/ament_package:/home/malz/ros2_foxy/install/ament_mypy:/home/malz/ros2_foxy/install/ament_lint_cmake:/home/malz/ros2_foxy/install/ament_flake8:/home/malz/ros2_foxy/install/ament_copyright:/home/malz/ros2_foxy/install/ament_lint:/home/malz/ros2_foxy/install/ament_index_python:/home/malz/ros2_foxy/install/ament_cpplint:/home/malz/ros2_foxy/install/ament_cppcheck:/home/malz/ros2_foxy/install/ament_clang_tidy:/home/malz/ros2_foxy/install/ament_clang_format /usr/bin/cmake /home/malz/Documents/ros2_custom_msg_ws/src/custom_msgs -DAMENT_CMAKE_SYMLINK_INSTALL=1 -DCMAKE_INSTALL_PREFIX=/home/malz/Documents/ros2_custom_msg_ws/install/custom_msgs
[0.254s] -- The C compiler identification is GNU 9.3.0
[0.381s] -- The CXX compiler identification is GNU 9.3.0
[0.401s] -- Check for working C compiler: /usr/bin/cc
[0.545s] -- Check for working C compiler: /usr/bin/cc -- works
[0.547s] -- Detecting C compiler ABI info
[0.682s] -- Detecting C compiler ABI info - done
[0.695s] -- Detecting C compile features
[0.695s] -- Detecting C compile features - done
[0.699s] -- Check for working CXX compiler: /usr/bin/c++
[0.852s] -- Check for working CXX compiler: /usr/bin/c++ -- works
[0.854s] -- Detecting CXX compiler ABI info
[1.010s] -- Detecting CXX compiler ABI info - done
[1.023s] -- Detecting CXX compile features
[1.024s] -- Detecting CXX compile features - done
[1.043s] -- Found ament_cmake: 0.9.5 (/home/malz/ros2_foxy/install/ament_cmake/share/ament_cmake/cmake)
[1.477s] -- Found PythonInterp: /usr/bin/python3 (found suitable version "3.8.2", minimum required is "3") 
[1.477s] -- Using PYTHON_EXECUTABLE: /usr/bin/python3
[2.196s] -- Override CMake install command with custom implementation using symlinks instead of copying resources
[2.448s] -- Found rosidl_default_generators: 1.0.0 (/home/malz/ros2_foxy/install/rosidl_default_generators/share/rosidl_default_generators/cmake)
[2.568s] -- Using all available rosidl_typesupport_c: rosidl_typesupport_introspection_c;rosidl_typesupport_fastrtps_c
[2.614s] -- Found rosidl_adapter: 1.0.1 (/home/malz/ros2_foxy/install/rosidl_adapter/share/rosidl_adapter/cmake)
[2.846s] -- Found FastRTPS: /home/malz/ros2_foxy/install/fastrtps/include  
[3.070s] -- Using all available rosidl_typesupport_cpp: rosidl_typesupport_introspection_cpp;rosidl_typesupport_fastrtps_cpp
[3.145s] -- Found std_msgs: 2.0.1 (/home/malz/ros2_foxy/install/std_msgs/share/std_msgs/cmake)
[3.636s] -- Found PythonInterp: /usr/bin/python3 (found version "3.8.2") 
[4.640s] -- Found ament_cmake_cppcheck: 0.9.4 (/home/malz/ros2_foxy/install/ament_cmake_cppcheck/share/ament_cmake_cppcheck/cmake)
[4.665s] -- Found ament_cmake_cpplint: 0.9.4 (/home/malz/ros2_foxy/install/ament_cmake_cpplint/share/ament_cmake_cpplint/cmake)
[4.676s] -- Found ament_cmake_uncrustify: 0.9.4 (/home/malz/ros2_foxy/install/ament_cmake_uncrustify/share/ament_cmake_uncrustify/cmake)
[4.731s] -- Found ament_cmake_ros: 0.9.0 (/home/malz/ros2_foxy/install/ament_cmake_ros/share/ament_cmake_ros/cmake)
[5.075s] -- Using all available rosidl_typesupport_c: rosidl_typesupport_introspection_c;rosidl_typesupport_fastrtps_c
[5.202s] -- Using all available rosidl_typesupport_cpp: rosidl_typesupport_introspection_cpp;rosidl_typesupport_fastrtps_cpp
[5.638s] -- Found PythonInterp: /usr/bin/python3 (found suitable version "3.8.2", minimum required is "3.5") 
[5.655s] -- Found python_cmake_module: 0.8.0 (/home/malz/ros2_foxy/install/python_cmake_module/share/python_cmake_module/cmake)
[6.066s] -- Found PythonLibs: /usr/lib/x86_64-linux-gnu/libpython3.8.so (found suitable version "3.8.2", minimum required is "3.5") 
[6.066s] -- Using PYTHON_EXECUTABLE: /usr/bin/python3
[6.066s] -- Using PYTHON_INCLUDE_DIRS: /usr/include/python3.8
[6.066s] -- Using PYTHON_LIBRARIES: /usr/lib/x86_64-linux-gnu/libpython3.8.so
[6.448s] -- Found PythonExtra: .so  
[7.082s] -- Found ament_cmake_flake8: 0.9.4 (/home/malz/ros2_foxy/install/ament_cmake_flake8/share/ament_cmake_flake8/cmake)
[7.104s] -- Found ament_cmake_pep257: 0.9.4 (/home/malz/ros2_foxy/install/ament_cmake_pep257/share/ament_cmake_pep257/cmake)
[7.128s] -- Configuring done
[7.270s] -- Generating done
[7.275s] -- Build files have been written to: /home/malz/Documents/ros2_custom_msg_ws/build/custom_msgs
[7.295s] Invoked command in '/home/malz/Documents/ros2_custom_msg_ws/build/custom_msgs' returned '0': CMAKE_PREFIX_PATH=${CMAKE_PREFIX_PATH}:/home/malz/ros2_foxy/install/ros2bag:/home/malz/ros2_foxy/install/tracetools_launch:/home/malz/ros2_foxy/install/topic_monitor:/home/malz/ros2_foxy/install/examples_tf2_py:/home/malz/ros2_foxy/install/sros2:/home/malz/ros2_foxy/install/rqt_topic:/home/malz/ros2_foxy/install/rqt_reconfigure:/home/malz/ros2_foxy/install/rqt_action:/home/malz/ros2_foxy/install/rqt:/home/malz/ros2_foxy/install/rqt_graph:/home/malz/ros2_foxy/install/rqt_gui_py:/home/malz/ros2_foxy/install/rqt_gui:/home/malz/ros2_foxy/install/ros2trace:/home/malz/ros2_foxy/install/ros2topic:/home/malz/ros2_foxy/install/ros2test:/home/malz/ros2_foxy/install/ros2component:/home/malz/ros2_foxy/install/ros2param:/home/malz/ros2_foxy/install/ros2lifecycle:/home/malz/ros2_foxy/install/ros2service:/home/malz/ros2_foxy/install/ros2run:/home/malz/ros2_foxy/install/ros2launch:/home/malz/ros2_foxy/install/ros2pkg:/home/malz/ros2_foxy/install/ros2node:/home/malz/ros2_foxy/install/ros2multicast:/home/malz/ros2_foxy/install/ros2interface:/home/malz/ros2_foxy/install/ros2doctor:/home/malz/ros2_foxy/install/ros2action:/home/malz/ros2_foxy/install/ros2cli:/home/malz/ros2_foxy/install/quality_of_service_demo_py:/home/malz/ros2_foxy/install/launch_testing_ros:/home/malz/ros2_foxy/install/launch_ros:/home/malz/ros2_foxy/install/examples_rclpy_minimal_subscriber:/home/malz/ros2_foxy/install/examples_rclpy_minimal_service:/home/malz/ros2_foxy/install/examples_rclpy_minimal_publisher:/home/malz/ros2_foxy/install/examples_rclpy_minimal_client:/home/malz/ros2_foxy/install/examples_rclpy_minimal_action_server:/home/malz/ros2_foxy/install/examples_rclpy_minimal_action_client:/home/malz/ros2_foxy/install/examples_rclpy_executors:/home/malz/ros2_foxy/install/demo_nodes_py:/home/malz/ros2_foxy/install/action_tutorials_py:/home/malz/ros2_foxy/install/ament_uncrustify:/home/malz/ros2_foxy/install/tracetools_trace:/home/malz/ros2_foxy/install/tracetools_read:/home/malz/ros2_foxy/install/test_launch_ros:/home/malz/ros2_foxy/install/rpyutils:/home/malz/ros2_foxy/install/rosidl_runtime_py:/home/malz/ros2_foxy/install/launch_yaml:/home/malz/ros2_foxy/install/launch_xml:/home/malz/ros2_foxy/install/launch_testing:/home/malz/ros2_foxy/install/launch:/home/malz/ros2_foxy/install/osrf_pycommon:/home/malz/ros2_foxy/install/domain_coordinator:/home/malz/ros2_foxy/install/ament_xmllint:/home/malz/ros2_foxy/install/ament_pyflakes:/home/malz/ros2_foxy/install/ament_pycodestyle:/home/malz/ros2_foxy/install/ament_pep257:/home/malz/ros2_foxy/install/ament_pclint:/home/malz/ros2_foxy/install/ament_package:/home/malz/ros2_foxy/install/ament_mypy:/home/malz/ros2_foxy/install/ament_lint_cmake:/home/malz/ros2_foxy/install/ament_flake8:/home/malz/ros2_foxy/install/ament_copyright:/home/malz/ros2_foxy/install/ament_lint:/home/malz/ros2_foxy/install/ament_index_python:/home/malz/ros2_foxy/install/ament_cpplint:/home/malz/ros2_foxy/install/ament_cppcheck:/home/malz/ros2_foxy/install/ament_clang_tidy:/home/malz/ros2_foxy/install/ament_clang_format /usr/bin/cmake /home/malz/Documents/ros2_custom_msg_ws/src/custom_msgs -DAMENT_CMAKE_SYMLINK_INSTALL=1 -DCMAKE_INSTALL_PREFIX=/home/malz/Documents/ros2_custom_msg_ws/install/custom_msgs
[7.307s] Invoking command in '/home/malz/Documents/ros2_custom_msg_ws/build/custom_msgs': CMAKE_PREFIX_PATH=${CMAKE_PREFIX_PATH}:/home/malz/ros2_foxy/install/ros2bag:/home/malz/ros2_foxy/install/tracetools_launch:/home/malz/ros2_foxy/install/topic_monitor:/home/malz/ros2_foxy/install/examples_tf2_py:/home/malz/ros2_foxy/install/sros2:/home/malz/ros2_foxy/install/rqt_topic:/home/malz/ros2_foxy/install/rqt_reconfigure:/home/malz/ros2_foxy/install/rqt_action:/home/malz/ros2_foxy/install/rqt:/home/malz/ros2_foxy/install/rqt_graph:/home/malz/ros2_foxy/install/rqt_gui_py:/home/malz/ros2_foxy/install/rqt_gui:/home/malz/ros2_foxy/install/ros2trace:/home/malz/ros2_foxy/install/ros2topic:/home/malz/ros2_foxy/install/ros2test:/home/malz/ros2_foxy/install/ros2component:/home/malz/ros2_foxy/install/ros2param:/home/malz/ros2_foxy/install/ros2lifecycle:/home/malz/ros2_foxy/install/ros2service:/home/malz/ros2_foxy/install/ros2run:/home/malz/ros2_foxy/install/ros2launch:/home/malz/ros2_foxy/install/ros2pkg:/home/malz/ros2_foxy/install/ros2node:/home/malz/ros2_foxy/install/ros2multicast:/home/malz/ros2_foxy/install/ros2interface:/home/malz/ros2_foxy/install/ros2doctor:/home/malz/ros2_foxy/install/ros2action:/home/malz/ros2_foxy/install/ros2cli:/home/malz/ros2_foxy/install/quality_of_service_demo_py:/home/malz/ros2_foxy/install/launch_testing_ros:/home/malz/ros2_foxy/install/launch_ros:/home/malz/ros2_foxy/install/examples_rclpy_minimal_subscriber:/home/malz/ros2_foxy/install/examples_rclpy_minimal_service:/home/malz/ros2_foxy/install/examples_rclpy_minimal_publisher:/home/malz/ros2_foxy/install/examples_rclpy_minimal_client:/home/malz/ros2_foxy/install/examples_rclpy_minimal_action_server:/home/malz/ros2_foxy/install/examples_rclpy_minimal_action_client:/home/malz/ros2_foxy/install/examples_rclpy_executors:/home/malz/ros2_foxy/install/demo_nodes_py:/home/malz/ros2_foxy/install/action_tutorials_py:/home/malz/ros2_foxy/install/ament_uncrustify:/home/malz/ros2_foxy/install/tracetools_trace:/home/malz/ros2_foxy/install/tracetools_read:/home/malz/ros2_foxy/install/test_launch_ros:/home/malz/ros2_foxy/install/rpyutils:/home/malz/ros2_foxy/install/rosidl_runtime_py:/home/malz/ros2_foxy/install/launch_yaml:/home/malz/ros2_foxy/install/launch_xml:/home/malz/ros2_foxy/install/launch_testing:/home/malz/ros2_foxy/install/launch:/home/malz/ros2_foxy/install/osrf_pycommon:/home/malz/ros2_foxy/install/domain_coordinator:/home/malz/ros2_foxy/install/ament_xmllint:/home/malz/ros2_foxy/install/ament_pyflakes:/home/malz/ros2_foxy/install/ament_pycodestyle:/home/malz/ros2_foxy/install/ament_pep257:/home/malz/ros2_foxy/install/ament_pclint:/home/malz/ros2_foxy/install/ament_package:/home/malz/ros2_foxy/install/ament_mypy:/home/malz/ros2_foxy/install/ament_lint_cmake:/home/malz/ros2_foxy/install/ament_flake8:/home/malz/ros2_foxy/install/ament_copyright:/home/malz/ros2_foxy/install/ament_lint:/home/malz/ros2_foxy/install/ament_index_python:/home/malz/ros2_foxy/install/ament_cpplint:/home/malz/ros2_foxy/install/ament_cppcheck:/home/malz/ros2_foxy/install/ament_clang_tidy:/home/malz/ros2_foxy/install/ament_clang_format /usr/bin/cmake --build /home/malz/Documents/ros2_custom_msg_ws/build/custom_msgs -- -j8 -l8
[7.411s] [35m[1mScanning dependencies of target custom_msgs__cpp[0m
[7.411s] [  3%] [34m[1mGenerating C code for ROS interfaces[0m
[7.448s] [  6%] [34m[1mGenerating C++ code for ROS interfaces[0m
[8.266s] [35m[1mScanning dependencies of target custom_msgs__rosidl_generator_c[0m
[8.272s] [  6%] Built target custom_msgs__cpp
[8.310s] [  9%] [34m[1mGenerating C++ introspection for ROS interfaces[0m
[8.319s] [ 12%] [34m[1mGenerating C++ type support for eProsima Fast-RTPS[0m
[8.321s] [ 16%] [34m[1mGenerating C++ type support dispatch for ROS interfaces[0m
[8.330s] [ 19%] [32mBuilding C object CMakeFiles/custom_msgs__rosidl_generator_c.dir/rosidl_generator_c/custom_msgs/msg/detail/custom__functions.c.o[0m
[8.435s] [ 22%] [32m[1mLinking C shared library libcustom_msgs__rosidl_generator_c.so[0m
[8.522s] [ 22%] Built target custom_msgs__rosidl_generator_c
[8.555s] [ 25%] [34m[1mGenerating C type support dispatch for ROS interfaces[0m
[8.564s] [ 29%] [34m[1mGenerating C introspection for ROS interfaces[0m
[9.188s] [35m[1mScanning dependencies of target custom_msgs__rosidl_typesupport_introspection_cpp[0m
[9.221s] [ 32%] [32mBuilding CXX object CMakeFiles/custom_msgs__rosidl_typesupport_introspection_cpp.dir/rosidl_typesupport_introspection_cpp/custom_msgs/msg/detail/custom__type_support.cpp.o[0m
[9.311s] [35m[1mScanning dependencies of target custom_msgs__rosidl_typesupport_c[0m
[9.364s] [ 35%] [32mBuilding CXX object CMakeFiles/custom_msgs__rosidl_typesupport_c.dir/rosidl_typesupport_c/custom_msgs/msg/custom__type_support.cpp.o[0m
[9.419s] [35m[1mScanning dependencies of target custom_msgs__rosidl_typesupport_introspection_c[0m
[9.440s] [ 38%] [32m[1mLinking CXX shared library libcustom_msgs__rosidl_typesupport_c.so[0m
[9.465s] [ 41%] [32mBuilding C object CMakeFiles/custom_msgs__rosidl_typesupport_introspection_c.dir/rosidl_typesupport_introspection_c/custom_msgs/msg/detail/custom__type_support.c.o[0m
[9.562s] [ 45%] [32m[1mLinking C shared library libcustom_msgs__rosidl_typesupport_introspection_c.so[0m
[9.568s] [ 45%] Built target custom_msgs__rosidl_typesupport_c
[9.618s] [35m[1mScanning dependencies of target custom_msgs__rosidl_typesupport_cpp[0m
[9.627s] [35m[1mScanning dependencies of target custom_msgs__rosidl_typesupport_fastrtps_cpp[0m
[9.680s] [ 51%] [32mBuilding CXX object CMakeFiles/custom_msgs__rosidl_typesupport_cpp.dir/rosidl_typesupport_cpp/custom_msgs/msg/custom__type_support.cpp.o[0m
[9.680s] [ 51%] [32mBuilding CXX object CMakeFiles/custom_msgs__rosidl_typesupport_fastrtps_cpp.dir/rosidl_typesupport_fastrtps_cpp/custom_msgs/msg/detail/dds_fastrtps/custom__type_support.cpp.o[0m
[9.684s] [ 51%] Built target custom_msgs__rosidl_typesupport_introspection_c
[9.692s] [ 54%] [32m[1mLinking CXX shared library libcustom_msgs__rosidl_typesupport_introspection_cpp.so[0m
[9.816s] [ 54%] Built target custom_msgs__rosidl_typesupport_introspection_cpp
[10.060s] [ 58%] [32m[1mLinking CXX shared library libcustom_msgs__rosidl_typesupport_cpp.so[0m
[10.141s] [ 58%] Built target custom_msgs__rosidl_typesupport_cpp
[10.235s] [ 61%] [32m[1mLinking CXX shared library libcustom_msgs__rosidl_typesupport_fastrtps_cpp.so[0m
[10.373s] [ 61%] Built target custom_msgs__rosidl_typesupport_fastrtps_cpp
[10.433s] [ 64%] [34m[1mGenerating C type support for eProsima Fast-RTPS[0m
[11.190s] [35m[1mScanning dependencies of target custom_msgs__rosidl_typesupport_fastrtps_c[0m
[11.237s] [ 67%] [32mBuilding CXX object CMakeFiles/custom_msgs__rosidl_typesupport_fastrtps_c.dir/rosidl_typesupport_fastrtps_c/custom_msgs/msg/detail/custom__type_support_c.cpp.o[0m
[11.662s] [ 70%] [32m[1mLinking CXX shared library libcustom_msgs__rosidl_typesupport_fastrtps_c.so[0m
[11.812s] [ 70%] Built target custom_msgs__rosidl_typesupport_fastrtps_c
[11.872s] [35m[1mScanning dependencies of target custom_msgs[0m
[11.904s] [ 70%] Built target custom_msgs
[11.938s] [35m[1mScanning dependencies of target custom_msgs__py[0m
[11.965s] [ 74%] [34m[1mGenerating Python code for ROS interfaces[0m
[12.884s] [ 74%] Built target custom_msgs__py
[12.913s] [35m[1mScanning dependencies of target custom_msgs__python[0m
[12.951s] [ 77%] [32mBuilding C object CMakeFiles/custom_msgs__python.dir/rosidl_generator_py/custom_msgs/msg/_custom_s.c.o[0m
[13.079s] [ 80%] [32m[1mLinking C shared library rosidl_generator_py/custom_msgs/libcustom_msgs__python.so[0m
[13.165s] [ 80%] Built target custom_msgs__python
[13.192s] [35m[1mScanning dependencies of target custom_msgs__rosidl_typesupport_introspection_c__pyext[0m
[13.202s] [35m[1mScanning dependencies of target custom_msgs__rosidl_typesupport_c__pyext[0m
[13.202s] [35m[1mScanning dependencies of target custom_msgs__rosidl_typesupport_fastrtps_c__pyext[0m
[13.248s] [ 83%] [32mBuilding C object CMakeFiles/custom_msgs__rosidl_typesupport_introspection_c__pyext.dir/rosidl_generator_py/custom_msgs/_custom_msgs_s.ep.rosidl_typesupport_introspection_c.c.o[0m
[13.254s] [ 87%] [32mBuilding C object CMakeFiles/custom_msgs__rosidl_typesupport_fastrtps_c__pyext.dir/rosidl_generator_py/custom_msgs/_custom_msgs_s.ep.rosidl_typesupport_fastrtps_c.c.o[0m
[13.254s] [ 90%] [32mBuilding C object CMakeFiles/custom_msgs__rosidl_typesupport_c__pyext.dir/rosidl_generator_py/custom_msgs/_custom_msgs_s.ep.rosidl_typesupport_c.c.o[0m
[13.391s] [ 93%] [32m[1mLinking C shared library rosidl_generator_py/custom_msgs/custom_msgs_s__rosidl_typesupport_introspection_c.cpython-38-x86_64-linux-gnu.so[0m
[13.411s] [ 96%] [32m[1mLinking CXX shared library rosidl_generator_py/custom_msgs/custom_msgs_s__rosidl_typesupport_fastrtps_c.cpython-38-x86_64-linux-gnu.so[0m
[13.435s] [100%] [32m[1mLinking C shared library rosidl_generator_py/custom_msgs/custom_msgs_s__rosidl_typesupport_c.cpython-38-x86_64-linux-gnu.so[0m
[13.484s] [100%] Built target custom_msgs__rosidl_typesupport_introspection_c__pyext
[13.527s] [100%] Built target custom_msgs__rosidl_typesupport_fastrtps_c__pyext
[13.531s] [100%] Built target custom_msgs__rosidl_typesupport_c__pyext
[13.555s] Invoked command in '/home/malz/Documents/ros2_custom_msg_ws/build/custom_msgs' returned '0': CMAKE_PREFIX_PATH=${CMAKE_PREFIX_PATH}:/home/malz/ros2_foxy/install/ros2bag:/home/malz/ros2_foxy/install/tracetools_launch:/home/malz/ros2_foxy/install/topic_monitor:/home/malz/ros2_foxy/install/examples_tf2_py:/home/malz/ros2_foxy/install/sros2:/home/malz/ros2_foxy/install/rqt_topic:/home/malz/ros2_foxy/install/rqt_reconfigure:/home/malz/ros2_foxy/install/rqt_action:/home/malz/ros2_foxy/install/rqt:/home/malz/ros2_foxy/install/rqt_graph:/home/malz/ros2_foxy/install/rqt_gui_py:/home/malz/ros2_foxy/install/rqt_gui:/home/malz/ros2_foxy/install/ros2trace:/home/malz/ros2_foxy/install/ros2topic:/home/malz/ros2_foxy/install/ros2test:/home/malz/ros2_foxy/install/ros2component:/home/malz/ros2_foxy/install/ros2param:/home/malz/ros2_foxy/install/ros2lifecycle:/home/malz/ros2_foxy/install/ros2service:/home/malz/ros2_foxy/install/ros2run:/home/malz/ros2_foxy/install/ros2launch:/home/malz/ros2_foxy/install/ros2pkg:/home/malz/ros2_foxy/install/ros2node:/home/malz/ros2_foxy/install/ros2multicast:/home/malz/ros2_foxy/install/ros2interface:/home/malz/ros2_foxy/install/ros2doctor:/home/malz/ros2_foxy/install/ros2action:/home/malz/ros2_foxy/install/ros2cli:/home/malz/ros2_foxy/install/quality_of_service_demo_py:/home/malz/ros2_foxy/install/launch_testing_ros:/home/malz/ros2_foxy/install/launch_ros:/home/malz/ros2_foxy/install/examples_rclpy_minimal_subscriber:/home/malz/ros2_foxy/install/examples_rclpy_minimal_service:/home/malz/ros2_foxy/install/examples_rclpy_minimal_publisher:/home/malz/ros2_foxy/install/examples_rclpy_minimal_client:/home/malz/ros2_foxy/install/examples_rclpy_minimal_action_server:/home/malz/ros2_foxy/install/examples_rclpy_minimal_action_client:/home/malz/ros2_foxy/install/examples_rclpy_executors:/home/malz/ros2_foxy/install/demo_nodes_py:/home/malz/ros2_foxy/install/action_tutorials_py:/home/malz/ros2_foxy/install/ament_uncrustify:/home/malz/ros2_foxy/install/tracetools_trace:/home/malz/ros2_foxy/install/tracetools_read:/home/malz/ros2_foxy/install/test_launch_ros:/home/malz/ros2_foxy/install/rpyutils:/home/malz/ros2_foxy/install/rosidl_runtime_py:/home/malz/ros2_foxy/install/launch_yaml:/home/malz/ros2_foxy/install/launch_xml:/home/malz/ros2_foxy/install/launch_testing:/home/malz/ros2_foxy/install/launch:/home/malz/ros2_foxy/install/osrf_pycommon:/home/malz/ros2_foxy/install/domain_coordinator:/home/malz/ros2_foxy/install/ament_xmllint:/home/malz/ros2_foxy/install/ament_pyflakes:/home/malz/ros2_foxy/install/ament_pycodestyle:/home/malz/ros2_foxy/install/ament_pep257:/home/malz/ros2_foxy/install/ament_pclint:/home/malz/ros2_foxy/install/ament_package:/home/malz/ros2_foxy/install/ament_mypy:/home/malz/ros2_foxy/install/ament_lint_cmake:/home/malz/ros2_foxy/install/ament_flake8:/home/malz/ros2_foxy/install/ament_copyright:/home/malz/ros2_foxy/install/ament_lint:/home/malz/ros2_foxy/install/ament_index_python:/home/malz/ros2_foxy/install/ament_cpplint:/home/malz/ros2_foxy/install/ament_cppcheck:/home/malz/ros2_foxy/install/ament_clang_tidy:/home/malz/ros2_foxy/install/ament_clang_format /usr/bin/cmake --build /home/malz/Documents/ros2_custom_msg_ws/build/custom_msgs -- -j8 -l8
[13.774s] Invoking command in '/home/malz/Documents/ros2_custom_msg_ws/build/custom_msgs': CMAKE_PREFIX_PATH=${CMAKE_PREFIX_PATH}:/home/malz/ros2_foxy/install/ros2bag:/home/malz/ros2_foxy/install/tracetools_launch:/home/malz/ros2_foxy/install/topic_monitor:/home/malz/ros2_foxy/install/examples_tf2_py:/home/malz/ros2_foxy/install/sros2:/home/malz/ros2_foxy/install/rqt_topic:/home/malz/ros2_foxy/install/rqt_reconfigure:/home/malz/ros2_foxy/install/rqt_action:/home/malz/ros2_foxy/install/rqt:/home/malz/ros2_foxy/install/rqt_graph:/home/malz/ros2_foxy/install/rqt_gui_py:/home/malz/ros2_foxy/install/rqt_gui:/home/malz/ros2_foxy/install/ros2trace:/home/malz/ros2_foxy/install/ros2topic:/home/malz/ros2_foxy/install/ros2test:/home/malz/ros2_foxy/install/ros2component:/home/malz/ros2_foxy/install/ros2param:/home/malz/ros2_foxy/install/ros2lifecycle:/home/malz/ros2_foxy/install/ros2service:/home/malz/ros2_foxy/install/ros2run:/home/malz/ros2_foxy/install/ros2launch:/home/malz/ros2_foxy/install/ros2pkg:/home/malz/ros2_foxy/install/ros2node:/home/malz/ros2_foxy/install/ros2multicast:/home/malz/ros2_foxy/install/ros2interface:/home/malz/ros2_foxy/install/ros2doctor:/home/malz/ros2_foxy/install/ros2action:/home/malz/ros2_foxy/install/ros2cli:/home/malz/ros2_foxy/install/quality_of_service_demo_py:/home/malz/ros2_foxy/install/launch_testing_ros:/home/malz/ros2_foxy/install/launch_ros:/home/malz/ros2_foxy/install/examples_rclpy_minimal_subscriber:/home/malz/ros2_foxy/install/examples_rclpy_minimal_service:/home/malz/ros2_foxy/install/examples_rclpy_minimal_publisher:/home/malz/ros2_foxy/install/examples_rclpy_minimal_client:/home/malz/ros2_foxy/install/examples_rclpy_minimal_action_server:/home/malz/ros2_foxy/install/examples_rclpy_minimal_action_client:/home/malz/ros2_foxy/install/examples_rclpy_executors:/home/malz/ros2_foxy/install/demo_nodes_py:/home/malz/ros2_foxy/install/action_tutorials_py:/home/malz/ros2_foxy/install/ament_uncrustify:/home/malz/ros2_foxy/install/tracetools_trace:/home/malz/ros2_foxy/install/tracetools_read:/home/malz/ros2_foxy/install/test_launch_ros:/home/malz/ros2_foxy/install/rpyutils:/home/malz/ros2_foxy/install/rosidl_runtime_py:/home/malz/ros2_foxy/install/launch_yaml:/home/malz/ros2_foxy/install/launch_xml:/home/malz/ros2_foxy/install/launch_testing:/home/malz/ros2_foxy/install/launch:/home/malz/ros2_foxy/install/osrf_pycommon:/home/malz/ros2_foxy/install/domain_coordinator:/home/malz/ros2_foxy/install/ament_xmllint:/home/malz/ros2_foxy/install/ament_pyflakes:/home/malz/ros2_foxy/install/ament_pycodestyle:/home/malz/ros2_foxy/install/ament_pep257:/home/malz/ros2_foxy/install/ament_pclint:/home/malz/ros2_foxy/install/ament_package:/home/malz/ros2_foxy/install/ament_mypy:/home/malz/ros2_foxy/install/ament_lint_cmake:/home/malz/ros2_foxy/install/ament_flake8:/home/malz/ros2_foxy/install/ament_copyright:/home/malz/ros2_foxy/install/ament_lint:/home/malz/ros2_foxy/install/ament_index_python:/home/malz/ros2_foxy/install/ament_cpplint:/home/malz/ros2_foxy/install/ament_cppcheck:/home/malz/ros2_foxy/install/ament_clang_tidy:/home/malz/ros2_foxy/install/ament_clang_format /usr/bin/cmake --install /home/malz/Documents/ros2_custom_msg_ws/build/custom_msgs
[13.799s] -- Install configuration: ""
[13.811s] -- Execute custom install script
[13.812s] -- Symlinking: /home/malz/Documents/ros2_custom_msg_ws/install/custom_msgs/share/ament_index/resource_index/rosidl_interfaces/custom_msgs
[13.838s] -- Symlinking: /home/malz/Documents/ros2_custom_msg_ws/install/custom_msgs/include/custom_msgs/msg/custom.h
[13.861s] -- Symlinking: /home/malz/Documents/ros2_custom_msg_ws/install/custom_msgs/include/custom_msgs/msg/detail/custom__functions.h
[13.886s] -- Symlinking: /home/malz/Documents/ros2_custom_msg_ws/install/custom_msgs/include/custom_msgs/msg/detail/custom__struct.h
[13.910s] -- Symlinking: /home/malz/Documents/ros2_custom_msg_ws/install/custom_msgs/include/custom_msgs/msg/detail/custom__type_support.h
[13.931s] -- Symlinking: /home/malz/Documents/ros2_custom_msg_ws/install/custom_msgs/include/custom_msgs/msg/rosidl_generator_c__visibility_control.h
[13.956s] -- Symlinking: /home/malz/Documents/ros2_custom_msg_ws/install/custom_msgs/share/custom_msgs/environment/library_path.sh
[13.982s] -- Symlinking: /home/malz/Documents/ros2_custom_msg_ws/install/custom_msgs/share/custom_msgs/environment/library_path.dsv
[14.007s] -- Symlinking: /home/malz/Documents/ros2_custom_msg_ws/install/custom_msgs/include/custom_msgs/msg/detail/custom__rosidl_typesupport_introspection_c.h
[14.030s] -- Symlinking: /home/malz/Documents/ros2_custom_msg_ws/install/custom_msgs/include/custom_msgs/msg/rosidl_typesupport_introspection_c__visibility_control.h
[14.051s] -- Symlinking: /home/malz/Documents/ros2_custom_msg_ws/install/custom_msgs/include/custom_msgs/msg/detail/custom__rosidl_typesupport_fastrtps_c.h
[14.074s] -- Symlinking: /home/malz/Documents/ros2_custom_msg_ws/install/custom_msgs/include/custom_msgs/msg/rosidl_typesupport_fastrtps_c__visibility_control.h
[14.108s] -- Symlinking: /home/malz/Documents/ros2_custom_msg_ws/install/custom_msgs/lib/libcustom_msgs__rosidl_typesupport_fastrtps_c.so
[14.131s] -- Symlinking: /home/malz/Documents/ros2_custom_msg_ws/install/custom_msgs/include/custom_msgs/msg/detail/custom__rosidl_typesupport_fastrtps_cpp.hpp
[14.152s] -- Symlinking: /home/malz/Documents/ros2_custom_msg_ws/install/custom_msgs/include/custom_msgs/msg/rosidl_typesupport_fastrtps_cpp__visibility_control.h
[14.174s] -- Symlinking: /home/malz/Documents/ros2_custom_msg_ws/install/custom_msgs/lib/libcustom_msgs__rosidl_typesupport_fastrtps_cpp.so
[14.196s] -- Symlinking: /home/malz/Documents/ros2_custom_msg_ws/install/custom_msgs/include/custom_msgs/msg/custom.hpp
[14.218s] -- Symlinking: /home/malz/Documents/ros2_custom_msg_ws/install/custom_msgs/include/custom_msgs/msg/detail/custom__builder.hpp
[14.240s] -- Symlinking: /home/malz/Documents/ros2_custom_msg_ws/install/custom_msgs/include/custom_msgs/msg/detail/custom__struct.hpp
[14.266s] -- Symlinking: /home/malz/Documents/ros2_custom_msg_ws/install/custom_msgs/include/custom_msgs/msg/detail/custom__traits.hpp
[14.291s] -- Symlinking: /home/malz/Documents/ros2_custom_msg_ws/install/custom_msgs/include/custom_msgs/msg/detail/custom__rosidl_typesupport_introspection_cpp.hpp
[14.312s] -- Symlinking: /home/malz/Documents/ros2_custom_msg_ws/install/custom_msgs/share/custom_msgs/environment/pythonpath.sh
[14.333s] -- Symlinking: /home/malz/Documents/ros2_custom_msg_ws/install/custom_msgs/share/custom_msgs/environment/pythonpath.dsv
[14.356s] -- Symlinking: /home/malz/Documents/ros2_custom_msg_ws/install/custom_msgs/lib/python3.8/site-packages/custom_msgs/__init__.py
[14.377s] -- Symlinking: /home/malz/Documents/ros2_custom_msg_ws/install/custom_msgs/lib/python3.8/site-packages/custom_msgs/msg/__init__.py
[14.397s] -- Symlinking: /home/malz/Documents/ros2_custom_msg_ws/install/custom_msgs/lib/python3.8/site-packages/custom_msgs/msg/_custom.py
[14.417s] -- Symlinking: /home/malz/Documents/ros2_custom_msg_ws/install/custom_msgs/lib/python3.8/site-packages/custom_msgs/custom_msgs_s__rosidl_typesupport_introspection_c.cpython-38-x86_64-linux-gnu.so
[14.441s] -- Symlinking: /home/malz/Documents/ros2_custom_msg_ws/install/custom_msgs/lib/python3.8/site-packages/custom_msgs/custom_msgs_s__rosidl_typesupport_fastrtps_c.cpython-38-x86_64-linux-gnu.so
[14.464s] -- Symlinking: /home/malz/Documents/ros2_custom_msg_ws/install/custom_msgs/lib/python3.8/site-packages/custom_msgs/custom_msgs_s__rosidl_typesupport_c.cpython-38-x86_64-linux-gnu.so
[14.485s] -- Symlinking: /home/malz/Documents/ros2_custom_msg_ws/install/custom_msgs/lib/libcustom_msgs__python.so
[14.507s] -- Symlinking: /home/malz/Documents/ros2_custom_msg_ws/install/custom_msgs/share/custom_msgs/msg/Custom.idl
[14.527s] -- Symlinking: /home/malz/Documents/ros2_custom_msg_ws/install/custom_msgs/share/custom_msgs/msg/Custom.msg
[14.550s] -- Symlinking: /home/malz/Documents/ros2_custom_msg_ws/install/custom_msgs/share/ament_index/resource_index/package_run_dependencies/custom_msgs
[14.573s] -- Symlinking: /home/malz/Documents/ros2_custom_msg_ws/install/custom_msgs/share/ament_index/resource_index/parent_prefix_path/custom_msgs
[14.594s] -- Symlinking: /home/malz/Documents/ros2_custom_msg_ws/install/custom_msgs/share/custom_msgs/environment/ament_prefix_path.sh
[14.616s] -- Symlinking: /home/malz/Documents/ros2_custom_msg_ws/install/custom_msgs/share/custom_msgs/environment/ament_prefix_path.dsv
[14.636s] -- Symlinking: /home/malz/Documents/ros2_custom_msg_ws/install/custom_msgs/share/custom_msgs/environment/path.sh
[14.658s] -- Symlinking: /home/malz/Documents/ros2_custom_msg_ws/install/custom_msgs/share/custom_msgs/environment/path.dsv
[14.679s] -- Symlinking: /home/malz/Documents/ros2_custom_msg_ws/install/custom_msgs/share/custom_msgs/local_setup.bash
[14.700s] -- Symlinking: /home/malz/Documents/ros2_custom_msg_ws/install/custom_msgs/share/custom_msgs/local_setup.sh
[14.721s] -- Symlinking: /home/malz/Documents/ros2_custom_msg_ws/install/custom_msgs/share/custom_msgs/local_setup.zsh
[14.744s] -- Symlinking: /home/malz/Documents/ros2_custom_msg_ws/install/custom_msgs/share/custom_msgs/local_setup.dsv
[14.768s] -- Symlinking: /home/malz/Documents/ros2_custom_msg_ws/install/custom_msgs/share/custom_msgs/package.dsv
[14.793s] -- Symlinking: /home/malz/Documents/ros2_custom_msg_ws/install/custom_msgs/share/ament_index/resource_index/packages/custom_msgs
[14.813s] -- Symlinking: /home/malz/Documents/ros2_custom_msg_ws/install/custom_msgs/share/custom_msgs/cmake/rosidl_cmake-extras.cmake
[14.834s] -- Symlinking: /home/malz/Documents/ros2_custom_msg_ws/install/custom_msgs/share/custom_msgs/cmake/ament_cmake_export_dependencies-extras.cmake
[14.856s] -- Symlinking: /home/malz/Documents/ros2_custom_msg_ws/install/custom_msgs/share/custom_msgs/cmake/ament_cmake_export_libraries-extras.cmake
[14.877s] -- Symlinking: /home/malz/Documents/ros2_custom_msg_ws/install/custom_msgs/share/custom_msgs/cmake/ament_cmake_export_targets-extras.cmake
[14.899s] -- Symlinking: /home/malz/Documents/ros2_custom_msg_ws/install/custom_msgs/share/custom_msgs/cmake/ament_cmake_export_include_directories-extras.cmake
[14.920s] -- Symlinking: /home/malz/Documents/ros2_custom_msg_ws/install/custom_msgs/share/custom_msgs/cmake/rosidl_cmake_export_typesupport_targets-extras.cmake
[14.941s] -- Symlinking: /home/malz/Documents/ros2_custom_msg_ws/install/custom_msgs/share/custom_msgs/cmake/rosidl_cmake_export_typesupport_libraries-extras.cmake
[14.964s] -- Symlinking: /home/malz/Documents/ros2_custom_msg_ws/install/custom_msgs/share/custom_msgs/cmake/custom_msgsConfig.cmake
[14.986s] -- Symlinking: /home/malz/Documents/ros2_custom_msg_ws/install/custom_msgs/share/custom_msgs/cmake/custom_msgsConfig-version.cmake
[15.007s] -- Symlinking: /home/malz/Documents/ros2_custom_msg_ws/install/custom_msgs/share/custom_msgs/package.xml
[15.028s] -- Installing: /home/malz/Documents/ros2_custom_msg_ws/install/custom_msgs/lib/libcustom_msgs__rosidl_generator_c.so
[15.029s] -- Set runtime path of "/home/malz/Documents/ros2_custom_msg_ws/install/custom_msgs/lib/libcustom_msgs__rosidl_generator_c.so" to ""
[15.029s] -- Installing: /home/malz/Documents/ros2_custom_msg_ws/install/custom_msgs/lib/libcustom_msgs__rosidl_typesupport_introspection_c.so
[15.030s] -- Set runtime path of "/home/malz/Documents/ros2_custom_msg_ws/install/custom_msgs/lib/libcustom_msgs__rosidl_typesupport_introspection_c.so" to ""
[15.030s] -- Installing: /home/malz/Documents/ros2_custom_msg_ws/install/custom_msgs/lib/libcustom_msgs__rosidl_typesupport_c.so
[15.030s] -- Set runtime path of "/home/malz/Documents/ros2_custom_msg_ws/install/custom_msgs/lib/libcustom_msgs__rosidl_typesupport_c.so" to ""
[15.031s] -- Installing: /home/malz/Documents/ros2_custom_msg_ws/install/custom_msgs/lib/libcustom_msgs__rosidl_typesupport_introspection_cpp.so
[15.032s] -- Set runtime path of "/home/malz/Documents/ros2_custom_msg_ws/install/custom_msgs/lib/libcustom_msgs__rosidl_typesupport_introspection_cpp.so" to ""
[15.033s] -- Installing: /home/malz/Documents/ros2_custom_msg_ws/install/custom_msgs/lib/libcustom_msgs__rosidl_typesupport_cpp.so
[15.033s] -- Set runtime path of "/home/malz/Documents/ros2_custom_msg_ws/install/custom_msgs/lib/libcustom_msgs__rosidl_typesupport_cpp.so" to ""
[15.477s] Compiling '/home/malz/Documents/ros2_custom_msg_ws/install/custom_msgs/lib/python3.8/site-packages/custom_msgs/__init__.py'...
[15.483s] -- Installing: /home/malz/Documents/ros2_custom_msg_ws/install/custom_msgs/share/custom_msgs/cmake/custom_msgs__rosidl_generator_cExport.cmake
[15.488s] -- Installing: /home/malz/Documents/ros2_custom_msg_ws/install/custom_msgs/share/custom_msgs/cmake/custom_msgs__rosidl_generator_cExport-noconfig.cmake
[15.497s] -- Installing: /home/malz/Documents/ros2_custom_msg_ws/install/custom_msgs/share/custom_msgs/cmake/custom_msgs__rosidl_typesupport_introspection_cExport.cmake
[15.521s] -- Installing: /home/malz/Documents/ros2_custom_msg_ws/install/custom_msgs/share/custom_msgs/cmake/custom_msgs__rosidl_typesupport_introspection_cExport-noconfig.cmake
[15.531s] -- Installing: /home/malz/Documents/ros2_custom_msg_ws/install/custom_msgs/share/custom_msgs/cmake/custom_msgs__rosidl_typesupport_cExport.cmake
[15.564s] -- Installing: /home/malz/Documents/ros2_custom_msg_ws/install/custom_msgs/share/custom_msgs/cmake/custom_msgs__rosidl_typesupport_cExport-noconfig.cmake
[15.573s] -- Installing: /home/malz/Documents/ros2_custom_msg_ws/install/custom_msgs/share/custom_msgs/cmake/custom_msgs__rosidl_generator_cppExport.cmake
[15.573s] -- Installing: /home/malz/Documents/ros2_custom_msg_ws/install/custom_msgs/share/custom_msgs/cmake/custom_msgs__rosidl_typesupport_introspection_cppExport.cmake
[15.573s] -- Installing: /home/malz/Documents/ros2_custom_msg_ws/install/custom_msgs/share/custom_msgs/cmake/custom_msgs__rosidl_typesupport_introspection_cppExport-noconfig.cmake
[15.574s] -- Installing: /home/malz/Documents/ros2_custom_msg_ws/install/custom_msgs/share/custom_msgs/cmake/custom_msgs__rosidl_typesupport_cppExport.cmake
[15.574s] -- Installing: /home/malz/Documents/ros2_custom_msg_ws/install/custom_msgs/share/custom_msgs/cmake/custom_msgs__rosidl_typesupport_cppExport-noconfig.cmake
[15.579s] Invoked command in '/home/malz/Documents/ros2_custom_msg_ws/build/custom_msgs' returned '0': CMAKE_PREFIX_PATH=${CMAKE_PREFIX_PATH}:/home/malz/ros2_foxy/install/ros2bag:/home/malz/ros2_foxy/install/tracetools_launch:/home/malz/ros2_foxy/install/topic_monitor:/home/malz/ros2_foxy/install/examples_tf2_py:/home/malz/ros2_foxy/install/sros2:/home/malz/ros2_foxy/install/rqt_topic:/home/malz/ros2_foxy/install/rqt_reconfigure:/home/malz/ros2_foxy/install/rqt_action:/home/malz/ros2_foxy/install/rqt:/home/malz/ros2_foxy/install/rqt_graph:/home/malz/ros2_foxy/install/rqt_gui_py:/home/malz/ros2_foxy/install/rqt_gui:/home/malz/ros2_foxy/install/ros2trace:/home/malz/ros2_foxy/install/ros2topic:/home/malz/ros2_foxy/install/ros2test:/home/malz/ros2_foxy/install/ros2component:/home/malz/ros2_foxy/install/ros2param:/home/malz/ros2_foxy/install/ros2lifecycle:/home/malz/ros2_foxy/install/ros2service:/home/malz/ros2_foxy/install/ros2run:/home/malz/ros2_foxy/install/ros2launch:/home/malz/ros2_foxy/install/ros2pkg:/home/malz/ros2_foxy/install/ros2node:/home/malz/ros2_foxy/install/ros2multicast:/home/malz/ros2_foxy/install/ros2interface:/home/malz/ros2_foxy/install/ros2doctor:/home/malz/ros2_foxy/install/ros2action:/home/malz/ros2_foxy/install/ros2cli:/home/malz/ros2_foxy/install/quality_of_service_demo_py:/home/malz/ros2_foxy/install/launch_testing_ros:/home/malz/ros2_foxy/install/launch_ros:/home/malz/ros2_foxy/install/examples_rclpy_minimal_subscriber:/home/malz/ros2_foxy/install/examples_rclpy_minimal_service:/home/malz/ros2_foxy/install/examples_rclpy_minimal_publisher:/home/malz/ros2_foxy/install/examples_rclpy_minimal_client:/home/malz/ros2_foxy/install/examples_rclpy_minimal_action_server:/home/malz/ros2_foxy/install/examples_rclpy_minimal_action_client:/home/malz/ros2_foxy/install/examples_rclpy_executors:/home/malz/ros2_foxy/install/demo_nodes_py:/home/malz/ros2_foxy/install/action_tutorials_py:/home/malz/ros2_foxy/install/ament_uncrustify:/home/malz/ros2_foxy/install/tracetools_trace:/home/malz/ros2_foxy/install/tracetools_read:/home/malz/ros2_foxy/install/test_launch_ros:/home/malz/ros2_foxy/install/rpyutils:/home/malz/ros2_foxy/install/rosidl_runtime_py:/home/malz/ros2_foxy/install/launch_yaml:/home/malz/ros2_foxy/install/launch_xml:/home/malz/ros2_foxy/install/launch_testing:/home/malz/ros2_foxy/install/launch:/home/malz/ros2_foxy/install/osrf_pycommon:/home/malz/ros2_foxy/install/domain_coordinator:/home/malz/ros2_foxy/install/ament_xmllint:/home/malz/ros2_foxy/install/ament_pyflakes:/home/malz/ros2_foxy/install/ament_pycodestyle:/home/malz/ros2_foxy/install/ament_pep257:/home/malz/ros2_foxy/install/ament_pclint:/home/malz/ros2_foxy/install/ament_package:/home/malz/ros2_foxy/install/ament_mypy:/home/malz/ros2_foxy/install/ament_lint_cmake:/home/malz/ros2_foxy/install/ament_flake8:/home/malz/ros2_foxy/install/ament_copyright:/home/malz/ros2_foxy/install/ament_lint:/home/malz/ros2_foxy/install/ament_index_python:/home/malz/ros2_foxy/install/ament_cpplint:/home/malz/ros2_foxy/install/ament_cppcheck:/home/malz/ros2_foxy/install/ament_clang_tidy:/home/malz/ros2_foxy/install/ament_clang_format /usr/bin/cmake --install /home/malz/Documents/ros2_custom_msg_ws/build/custom_msgs
